yarn list v1.22.19
├─ @0no-co/graphql.web@1.0.4
├─ @ampproject/remapping@2.2.1
│  ├─ @jridgewell/gen-mapping@^0.3.0
│  └─ @jridgewell/trace-mapping@^0.3.9
├─ @babel/code-frame@7.22.10
│  ├─ @babel/highlight@^7.22.10
│  ├─ ansi-styles@3.2.1
│  │  └─ color-convert@^1.9.0
│  ├─ chalk@^2.4.2
│  ├─ chalk@2.4.2
│  │  ├─ ansi-styles@^3.2.1
│  │  ├─ escape-string-regexp@^1.0.5
│  │  └─ supports-color@^5.3.0
│  ├─ color-convert@1.9.3
│  │  └─ color-name@1.1.3
│  ├─ color-name@1.1.3
│  ├─ has-flag@3.0.0
│  └─ supports-color@5.5.0
│     └─ has-flag@^3.0.0
├─ @babel/compat-data@7.22.9
├─ @babel/core@7.22.11
│  ├─ @ampproject/remapping@^2.2.0
│  ├─ @babel/code-frame@^7.22.10
│  ├─ @babel/generator@^7.22.10
│  ├─ @babel/helper-compilation-targets@^7.22.10
│  ├─ @babel/helper-module-transforms@^7.22.9
│  ├─ @babel/helpers@^7.22.11
│  ├─ @babel/parser@^7.22.11
│  ├─ @babel/template@^7.22.5
│  ├─ @babel/traverse@^7.22.11
│  ├─ @babel/types@^7.22.11
│  ├─ convert-source-map@^1.7.0
│  ├─ debug@^4.1.0
│  ├─ debug@4.3.4
│  │  └─ ms@2.1.2
│  ├─ gensync@^1.0.0-beta.2
│  ├─ json5@^2.2.3
│  ├─ ms@2.1.2
│  └─ semver@^6.3.1
├─ @babel/generator@7.22.10
│  ├─ @babel/types@^7.22.10
│  ├─ @jridgewell/gen-mapping@^0.3.2
│  ├─ @jridgewell/trace-mapping@^0.3.17
│  └─ jsesc@^2.5.1
├─ @babel/helper-annotate-as-pure@7.22.5
│  └─ @babel/types@^7.22.5
├─ @babel/helper-builder-binary-assignment-operator-visitor@7.22.10
│  └─ @babel/types@^7.22.10
├─ @babel/helper-compilation-targets@7.22.10
│  ├─ @babel/compat-data@^7.22.9
│  ├─ @babel/helper-validator-option@^7.22.5
│  ├─ browserslist@^4.21.9
│  ├─ lru-cache@^5.1.1
│  ├─ lru-cache@5.1.1
│  │  └─ yallist@^3.0.2
│  ├─ semver@^6.3.1
│  └─ yallist@3.1.1
├─ @babel/helper-create-class-features-plugin@7.22.11
│  ├─ @babel/helper-annotate-as-pure@^7.22.5
│  ├─ @babel/helper-environment-visitor@^7.22.5
│  ├─ @babel/helper-function-name@^7.22.5
│  ├─ @babel/helper-member-expression-to-functions@^7.22.5
│  ├─ @babel/helper-optimise-call-expression@^7.22.5
│  ├─ @babel/helper-replace-supers@^7.22.9
│  ├─ @babel/helper-skip-transparent-expression-wrappers@^7.22.5
│  ├─ @babel/helper-split-export-declaration@^7.22.6
│  └─ semver@^6.3.1
├─ @babel/helper-create-regexp-features-plugin@7.22.9
│  ├─ @babel/helper-annotate-as-pure@^7.22.5
│  ├─ regexpu-core@^5.3.1
│  └─ semver@^6.3.1
├─ @babel/helper-define-polyfill-provider@0.4.2
│  ├─ @babel/helper-compilation-targets@^7.22.6
│  ├─ @babel/helper-plugin-utils@^7.22.5
│  ├─ debug@^4.1.1
│  ├─ debug@4.3.4
│  │  └─ ms@2.1.2
│  ├─ lodash.debounce@^4.0.8
│  ├─ ms@2.1.2
│  └─ resolve@^1.14.2
├─ @babel/helper-environment-visitor@7.22.5
├─ @babel/helper-function-name@7.22.5
│  ├─ @babel/template@^7.22.5
│  └─ @babel/types@^7.22.5
├─ @babel/helper-hoist-variables@7.22.5
│  └─ @babel/types@^7.22.5
├─ @babel/helper-member-expression-to-functions@7.22.5
│  └─ @babel/types@^7.22.5
├─ @babel/helper-module-imports@7.22.5
│  └─ @babel/types@^7.22.5
├─ @babel/helper-module-transforms@7.22.9
│  ├─ @babel/helper-environment-visitor@^7.22.5
│  ├─ @babel/helper-module-imports@^7.22.5
│  ├─ @babel/helper-simple-access@^7.22.5
│  ├─ @babel/helper-split-export-declaration@^7.22.6
│  └─ @babel/helper-validator-identifier@^7.22.5
├─ @babel/helper-optimise-call-expression@7.22.5
│  └─ @babel/types@^7.22.5
├─ @babel/helper-plugin-utils@7.22.5
├─ @babel/helper-remap-async-to-generator@7.22.9
│  ├─ @babel/helper-annotate-as-pure@^7.22.5
│  ├─ @babel/helper-environment-visitor@^7.22.5
│  └─ @babel/helper-wrap-function@^7.22.9
├─ @babel/helper-replace-supers@7.22.9
│  ├─ @babel/helper-environment-visitor@^7.22.5
│  ├─ @babel/helper-member-expression-to-functions@^7.22.5
│  └─ @babel/helper-optimise-call-expression@^7.22.5
├─ @babel/helper-simple-access@7.22.5
│  └─ @babel/types@^7.22.5
├─ @babel/helper-skip-transparent-expression-wrappers@7.22.5
│  └─ @babel/types@^7.22.5
├─ @babel/helper-split-export-declaration@7.22.6
│  └─ @babel/types@^7.22.5
├─ @babel/helper-string-parser@7.22.5
├─ @babel/helper-validator-identifier@7.22.5
├─ @babel/helper-validator-option@7.22.5
├─ @babel/helper-wrap-function@7.22.10
│  ├─ @babel/helper-function-name@^7.22.5
│  ├─ @babel/template@^7.22.5
│  └─ @babel/types@^7.22.10
├─ @babel/helpers@7.22.11
│  ├─ @babel/template@^7.22.5
│  ├─ @babel/traverse@^7.22.11
│  └─ @babel/types@^7.22.11
├─ @babel/highlight@7.22.10
│  ├─ @babel/helper-validator-identifier@^7.22.5
│  ├─ ansi-styles@3.2.1
│  │  └─ color-convert@^1.9.0
│  ├─ chalk@^2.4.2
│  ├─ chalk@2.4.2
│  │  ├─ ansi-styles@^3.2.1
│  │  ├─ escape-string-regexp@^1.0.5
│  │  └─ supports-color@^5.3.0
│  ├─ color-convert@1.9.3
│  │  └─ color-name@1.1.3
│  ├─ color-name@1.1.3
│  ├─ has-flag@3.0.0
│  ├─ js-tokens@^4.0.0
│  └─ supports-color@5.5.0
│     └─ has-flag@^3.0.0
├─ @babel/parser@7.22.11
├─ @babel/plugin-bugfix-safari-id-destructuring-collision-in-function-expression@7.22.5
│  └─ @babel/helper-plugin-utils@^7.22.5
├─ @babel/plugin-bugfix-v8-spread-parameters-in-optional-chaining@7.22.5
│  ├─ @babel/helper-plugin-utils@^7.22.5
│  ├─ @babel/helper-skip-transparent-expression-wrappers@^7.22.5
│  └─ @babel/plugin-transform-optional-chaining@^7.22.5
├─ @babel/plugin-proposal-async-generator-functions@7.20.7
│  ├─ @babel/helper-environment-visitor@^7.18.9
│  ├─ @babel/helper-plugin-utils@^7.20.2
│  ├─ @babel/helper-remap-async-to-generator@^7.18.9
│  └─ @babel/plugin-syntax-async-generators@^7.8.4
├─ @babel/plugin-proposal-class-properties@7.18.6
│  ├─ @babel/helper-create-class-features-plugin@^7.18.6
│  └─ @babel/helper-plugin-utils@^7.18.6
├─ @babel/plugin-proposal-decorators@7.22.10
│  ├─ @babel/helper-create-class-features-plugin@^7.22.10
│  ├─ @babel/helper-plugin-utils@^7.22.5
│  ├─ @babel/helper-replace-supers@^7.22.9
│  ├─ @babel/helper-split-export-declaration@^7.22.6
│  └─ @babel/plugin-syntax-decorators@^7.22.10
├─ @babel/plugin-proposal-export-default-from@7.22.5
│  ├─ @babel/helper-plugin-utils@^7.22.5
│  └─ @babel/plugin-syntax-export-default-from@^7.22.5
├─ @babel/plugin-proposal-nullish-coalescing-operator@7.18.6
│  ├─ @babel/helper-plugin-utils@^7.18.6
│  └─ @babel/plugin-syntax-nullish-coalescing-operator@^7.8.3
├─ @babel/plugin-proposal-object-rest-spread@7.20.7
│  ├─ @babel/compat-data@^7.20.5
│  ├─ @babel/helper-compilation-targets@^7.20.7
│  ├─ @babel/helper-plugin-utils@^7.20.2
│  ├─ @babel/plugin-syntax-object-rest-spread@^7.8.3
│  └─ @babel/plugin-transform-parameters@^7.20.7
├─ @babel/plugin-proposal-optional-catch-binding@7.18.6
│  ├─ @babel/helper-plugin-utils@^7.18.6
│  └─ @babel/plugin-syntax-optional-catch-binding@^7.8.3
├─ @babel/plugin-proposal-optional-chaining@7.21.0
│  ├─ @babel/helper-plugin-utils@^7.20.2
│  ├─ @babel/helper-skip-transparent-expression-wrappers@^7.20.0
│  └─ @babel/plugin-syntax-optional-chaining@^7.8.3
├─ @babel/plugin-proposal-private-property-in-object@7.21.0-placeholder-for-preset-env.2
├─ @babel/plugin-syntax-async-generators@7.8.4
│  └─ @babel/helper-plugin-utils@^7.8.0
├─ @babel/plugin-syntax-class-properties@7.12.13
│  └─ @babel/helper-plugin-utils@^7.12.13
├─ @babel/plugin-syntax-class-static-block@7.14.5
│  └─ @babel/helper-plugin-utils@^7.14.5
├─ @babel/plugin-syntax-decorators@7.22.10
│  └─ @babel/helper-plugin-utils@^7.22.5
├─ @babel/plugin-syntax-dynamic-import@7.8.3
│  └─ @babel/helper-plugin-utils@^7.8.0
├─ @babel/plugin-syntax-export-default-from@7.22.5
│  └─ @babel/helper-plugin-utils@^7.22.5
├─ @babel/plugin-syntax-export-namespace-from@7.8.3
│  └─ @babel/helper-plugin-utils@^7.8.3
├─ @babel/plugin-syntax-flow@7.22.5
│  └─ @babel/helper-plugin-utils@^7.22.5
├─ @babel/plugin-syntax-import-assertions@7.22.5
│  └─ @babel/helper-plugin-utils@^7.22.5
├─ @babel/plugin-syntax-import-attributes@7.22.5
│  └─ @babel/helper-plugin-utils@^7.22.5
├─ @babel/plugin-syntax-import-meta@7.10.4
│  └─ @babel/helper-plugin-utils@^7.10.4
├─ @babel/plugin-syntax-json-strings@7.8.3
│  └─ @babel/helper-plugin-utils@^7.8.0
├─ @babel/plugin-syntax-jsx@7.22.5
│  └─ @babel/helper-plugin-utils@^7.22.5
├─ @babel/plugin-syntax-logical-assignment-operators@7.10.4
│  └─ @babel/helper-plugin-utils@^7.10.4
├─ @babel/plugin-syntax-nullish-coalescing-operator@7.8.3
│  └─ @babel/helper-plugin-utils@^7.8.0
├─ @babel/plugin-syntax-numeric-separator@7.10.4
│  └─ @babel/helper-plugin-utils@^7.10.4
├─ @babel/plugin-syntax-object-rest-spread@7.8.3
│  └─ @babel/helper-plugin-utils@^7.8.0
├─ @babel/plugin-syntax-optional-catch-binding@7.8.3
│  └─ @babel/helper-plugin-utils@^7.8.0
├─ @babel/plugin-syntax-optional-chaining@7.8.3
│  └─ @babel/helper-plugin-utils@^7.8.0
├─ @babel/plugin-syntax-private-property-in-object@7.14.5
│  └─ @babel/helper-plugin-utils@^7.14.5
├─ @babel/plugin-syntax-top-level-await@7.14.5
│  └─ @babel/helper-plugin-utils@^7.14.5
├─ @babel/plugin-syntax-typescript@7.22.5
│  └─ @babel/helper-plugin-utils@^7.22.5
├─ @babel/plugin-syntax-unicode-sets-regex@7.18.6
│  ├─ @babel/helper-create-regexp-features-plugin@^7.18.6
│  └─ @babel/helper-plugin-utils@^7.18.6
├─ @babel/plugin-transform-arrow-functions@7.22.5
│  └─ @babel/helper-plugin-utils@^7.22.5
├─ @babel/plugin-transform-async-generator-functions@7.22.11
│  ├─ @babel/helper-environment-visitor@^7.22.5
│  ├─ @babel/helper-plugin-utils@^7.22.5
│  ├─ @babel/helper-remap-async-to-generator@^7.22.9
│  └─ @babel/plugin-syntax-async-generators@^7.8.4
├─ @babel/plugin-transform-async-to-generator@7.22.5
│  ├─ @babel/helper-module-imports@^7.22.5
│  ├─ @babel/helper-plugin-utils@^7.22.5
│  └─ @babel/helper-remap-async-to-generator@^7.22.5
├─ @babel/plugin-transform-block-scoped-functions@7.22.5
│  └─ @babel/helper-plugin-utils@^7.22.5
├─ @babel/plugin-transform-block-scoping@7.22.10
│  └─ @babel/helper-plugin-utils@^7.22.5
├─ @babel/plugin-transform-class-properties@7.22.5
│  ├─ @babel/helper-create-class-features-plugin@^7.22.5
│  └─ @babel/helper-plugin-utils@^7.22.5
├─ @babel/plugin-transform-class-static-block@7.22.11
│  ├─ @babel/helper-create-class-features-plugin@^7.22.11
│  ├─ @babel/helper-plugin-utils@^7.22.5
│  └─ @babel/plugin-syntax-class-static-block@^7.14.5
├─ @babel/plugin-transform-classes@7.22.6
│  ├─ @babel/helper-annotate-as-pure@^7.22.5
│  ├─ @babel/helper-compilation-targets@^7.22.6
│  ├─ @babel/helper-environment-visitor@^7.22.5
│  ├─ @babel/helper-function-name@^7.22.5
│  ├─ @babel/helper-optimise-call-expression@^7.22.5
│  ├─ @babel/helper-plugin-utils@^7.22.5
│  ├─ @babel/helper-replace-supers@^7.22.5
│  ├─ @babel/helper-split-export-declaration@^7.22.6
│  └─ globals@^11.1.0
├─ @babel/plugin-transform-computed-properties@7.22.5
│  ├─ @babel/helper-plugin-utils@^7.22.5
│  └─ @babel/template@^7.22.5
├─ @babel/plugin-transform-destructuring@7.22.10
│  └─ @babel/helper-plugin-utils@^7.22.5
├─ @babel/plugin-transform-dotall-regex@7.22.5
│  ├─ @babel/helper-create-regexp-features-plugin@^7.22.5
│  └─ @babel/helper-plugin-utils@^7.22.5
├─ @babel/plugin-transform-duplicate-keys@7.22.5
│  └─ @babel/helper-plugin-utils@^7.22.5
├─ @babel/plugin-transform-dynamic-import@7.22.11
│  ├─ @babel/helper-plugin-utils@^7.22.5
│  └─ @babel/plugin-syntax-dynamic-import@^7.8.3
├─ @babel/plugin-transform-exponentiation-operator@7.22.5
│  ├─ @babel/helper-builder-binary-assignment-operator-visitor@^7.22.5
│  └─ @babel/helper-plugin-utils@^7.22.5
├─ @babel/plugin-transform-export-namespace-from@7.22.11
│  ├─ @babel/helper-plugin-utils@^7.22.5
│  └─ @babel/plugin-syntax-export-namespace-from@^7.8.3
├─ @babel/plugin-transform-flow-strip-types@7.22.5
│  ├─ @babel/helper-plugin-utils@^7.22.5
│  └─ @babel/plugin-syntax-flow@^7.22.5
├─ @babel/plugin-transform-for-of@7.22.5
│  └─ @babel/helper-plugin-utils@^7.22.5
├─ @babel/plugin-transform-function-name@7.22.5
│  ├─ @babel/helper-compilation-targets@^7.22.5
│  ├─ @babel/helper-function-name@^7.22.5
│  └─ @babel/helper-plugin-utils@^7.22.5
├─ @babel/plugin-transform-json-strings@7.22.11
│  ├─ @babel/helper-plugin-utils@^7.22.5
│  └─ @babel/plugin-syntax-json-strings@^7.8.3
├─ @babel/plugin-transform-literals@7.22.5
│  └─ @babel/helper-plugin-utils@^7.22.5
├─ @babel/plugin-transform-logical-assignment-operators@7.22.11
│  ├─ @babel/helper-plugin-utils@^7.22.5
│  └─ @babel/plugin-syntax-logical-assignment-operators@^7.10.4
├─ @babel/plugin-transform-member-expression-literals@7.22.5
│  └─ @babel/helper-plugin-utils@^7.22.5
├─ @babel/plugin-transform-modules-amd@7.22.5
│  ├─ @babel/helper-module-transforms@^7.22.5
│  └─ @babel/helper-plugin-utils@^7.22.5
├─ @babel/plugin-transform-modules-commonjs@7.22.11
│  ├─ @babel/helper-module-transforms@^7.22.9
│  ├─ @babel/helper-plugin-utils@^7.22.5
│  └─ @babel/helper-simple-access@^7.22.5
├─ @babel/plugin-transform-modules-systemjs@7.22.11
│  ├─ @babel/helper-hoist-variables@^7.22.5
│  ├─ @babel/helper-module-transforms@^7.22.9
│  ├─ @babel/helper-plugin-utils@^7.22.5
│  └─ @babel/helper-validator-identifier@^7.22.5
├─ @babel/plugin-transform-modules-umd@7.22.5
│  ├─ @babel/helper-module-transforms@^7.22.5
│  └─ @babel/helper-plugin-utils@^7.22.5
├─ @babel/plugin-transform-named-capturing-groups-regex@7.22.5
│  ├─ @babel/helper-create-regexp-features-plugin@^7.22.5
│  └─ @babel/helper-plugin-utils@^7.22.5
├─ @babel/plugin-transform-new-target@7.22.5
│  └─ @babel/helper-plugin-utils@^7.22.5
├─ @babel/plugin-transform-nullish-coalescing-operator@7.22.11
│  ├─ @babel/helper-plugin-utils@^7.22.5
│  └─ @babel/plugin-syntax-nullish-coalescing-operator@^7.8.3
├─ @babel/plugin-transform-numeric-separator@7.22.11
│  ├─ @babel/helper-plugin-utils@^7.22.5
│  └─ @babel/plugin-syntax-numeric-separator@^7.10.4
├─ @babel/plugin-transform-object-rest-spread@7.22.11
│  ├─ @babel/compat-data@^7.22.9
│  ├─ @babel/helper-compilation-targets@^7.22.10
│  ├─ @babel/helper-plugin-utils@^7.22.5
│  ├─ @babel/plugin-syntax-object-rest-spread@^7.8.3
│  └─ @babel/plugin-transform-parameters@^7.22.5
├─ @babel/plugin-transform-object-super@7.22.5
│  ├─ @babel/helper-plugin-utils@^7.22.5
│  └─ @babel/helper-replace-supers@^7.22.5
├─ @babel/plugin-transform-optional-catch-binding@7.22.11
│  ├─ @babel/helper-plugin-utils@^7.22.5
│  └─ @babel/plugin-syntax-optional-catch-binding@^7.8.3
├─ @babel/plugin-transform-optional-chaining@7.22.12
│  ├─ @babel/helper-plugin-utils@^7.22.5
│  ├─ @babel/helper-skip-transparent-expression-wrappers@^7.22.5
│  └─ @babel/plugin-syntax-optional-chaining@^7.8.3
├─ @babel/plugin-transform-parameters@7.22.5
│  └─ @babel/helper-plugin-utils@^7.22.5
├─ @babel/plugin-transform-private-methods@7.22.5
│  ├─ @babel/helper-create-class-features-plugin@^7.22.5
│  └─ @babel/helper-plugin-utils@^7.22.5
├─ @babel/plugin-transform-private-property-in-object@7.22.11
│  ├─ @babel/helper-annotate-as-pure@^7.22.5
│  ├─ @babel/helper-create-class-features-plugin@^7.22.11
│  ├─ @babel/helper-plugin-utils@^7.22.5
│  └─ @babel/plugin-syntax-private-property-in-object@^7.14.5
├─ @babel/plugin-transform-property-literals@7.22.5
│  └─ @babel/helper-plugin-utils@^7.22.5
├─ @babel/plugin-transform-react-display-name@7.22.5
│  └─ @babel/helper-plugin-utils@^7.22.5
├─ @babel/plugin-transform-react-jsx-self@7.22.5
│  └─ @babel/helper-plugin-utils@^7.22.5
├─ @babel/plugin-transform-react-jsx-source@7.22.5
│  └─ @babel/helper-plugin-utils@^7.22.5
├─ @babel/plugin-transform-react-jsx@7.22.5
│  ├─ @babel/helper-annotate-as-pure@^7.22.5
│  ├─ @babel/helper-module-imports@^7.22.5
│  ├─ @babel/helper-plugin-utils@^7.22.5
│  ├─ @babel/plugin-syntax-jsx@^7.22.5
│  └─ @babel/types@^7.22.5
├─ @babel/plugin-transform-regenerator@7.22.10
│  ├─ @babel/helper-plugin-utils@^7.22.5
│  └─ regenerator-transform@^0.15.2
├─ @babel/plugin-transform-reserved-words@7.22.5
│  └─ @babel/helper-plugin-utils@^7.22.5
├─ @babel/plugin-transform-runtime@7.22.10
│  ├─ @babel/helper-module-imports@^7.22.5
│  ├─ @babel/helper-plugin-utils@^7.22.5
│  ├─ babel-plugin-polyfill-corejs2@^0.4.5
│  ├─ babel-plugin-polyfill-corejs3@^0.8.3
│  ├─ babel-plugin-polyfill-regenerator@^0.5.2
│  └─ semver@^6.3.1
├─ @babel/plugin-transform-shorthand-properties@7.22.5
│  └─ @babel/helper-plugin-utils@^7.22.5
├─ @babel/plugin-transform-spread@7.22.5
│  ├─ @babel/helper-plugin-utils@^7.22.5
│  └─ @babel/helper-skip-transparent-expression-wrappers@^7.22.5
├─ @babel/plugin-transform-sticky-regex@7.22.5
│  └─ @babel/helper-plugin-utils@^7.22.5
├─ @babel/plugin-transform-template-literals@7.22.5
│  └─ @babel/helper-plugin-utils@^7.22.5
├─ @babel/plugin-transform-typeof-symbol@7.22.5
│  └─ @babel/helper-plugin-utils@^7.22.5
├─ @babel/plugin-transform-typescript@7.22.11
│  ├─ @babel/helper-annotate-as-pure@^7.22.5
│  ├─ @babel/helper-create-class-features-plugin@^7.22.11
│  ├─ @babel/helper-plugin-utils@^7.22.5
│  └─ @babel/plugin-syntax-typescript@^7.22.5
├─ @babel/plugin-transform-unicode-escapes@7.22.10
│  └─ @babel/helper-plugin-utils@^7.22.5
├─ @babel/plugin-transform-unicode-property-regex@7.22.5
│  ├─ @babel/helper-create-regexp-features-plugin@^7.22.5
│  └─ @babel/helper-plugin-utils@^7.22.5
├─ @babel/plugin-transform-unicode-regex@7.22.5
│  ├─ @babel/helper-create-regexp-features-plugin@^7.22.5
│  └─ @babel/helper-plugin-utils@^7.22.5
├─ @babel/plugin-transform-unicode-sets-regex@7.22.5
│  ├─ @babel/helper-create-regexp-features-plugin@^7.22.5
│  └─ @babel/helper-plugin-utils@^7.22.5
├─ @babel/preset-env@7.22.10
│  ├─ @babel/compat-data@^7.22.9
│  ├─ @babel/helper-compilation-targets@^7.22.10
│  ├─ @babel/helper-plugin-utils@^7.22.5
│  ├─ @babel/helper-validator-option@^7.22.5
│  ├─ @babel/plugin-bugfix-safari-id-destructuring-collision-in-function-expression@^7.22.5
│  ├─ @babel/plugin-bugfix-v8-spread-parameters-in-optional-chaining@^7.22.5
│  ├─ @babel/plugin-proposal-private-property-in-object@7.21.0-placeholder-for-preset-env.2
│  ├─ @babel/plugin-syntax-async-generators@^7.8.4
│  ├─ @babel/plugin-syntax-class-properties@^7.12.13
│  ├─ @babel/plugin-syntax-class-static-block@^7.14.5
│  ├─ @babel/plugin-syntax-dynamic-import@^7.8.3
│  ├─ @babel/plugin-syntax-export-namespace-from@^7.8.3
│  ├─ @babel/plugin-syntax-import-assertions@^7.22.5
│  ├─ @babel/plugin-syntax-import-attributes@^7.22.5
│  ├─ @babel/plugin-syntax-import-meta@^7.10.4
│  ├─ @babel/plugin-syntax-json-strings@^7.8.3
│  ├─ @babel/plugin-syntax-logical-assignment-operators@^7.10.4
│  ├─ @babel/plugin-syntax-nullish-coalescing-operator@^7.8.3
│  ├─ @babel/plugin-syntax-numeric-separator@^7.10.4
│  ├─ @babel/plugin-syntax-object-rest-spread@^7.8.3
│  ├─ @babel/plugin-syntax-optional-catch-binding@^7.8.3
│  ├─ @babel/plugin-syntax-optional-chaining@^7.8.3
│  ├─ @babel/plugin-syntax-private-property-in-object@^7.14.5
│  ├─ @babel/plugin-syntax-top-level-await@^7.14.5
│  ├─ @babel/plugin-syntax-unicode-sets-regex@^7.18.6
│  ├─ @babel/plugin-transform-arrow-functions@^7.22.5
│  ├─ @babel/plugin-transform-async-generator-functions@^7.22.10
│  ├─ @babel/plugin-transform-async-to-generator@^7.22.5
│  ├─ @babel/plugin-transform-block-scoped-functions@^7.22.5
│  ├─ @babel/plugin-transform-block-scoping@^7.22.10
│  ├─ @babel/plugin-transform-class-properties@^7.22.5
│  ├─ @babel/plugin-transform-class-static-block@^7.22.5
│  ├─ @babel/plugin-transform-classes@^7.22.6
│  ├─ @babel/plugin-transform-computed-properties@^7.22.5
│  ├─ @babel/plugin-transform-destructuring@^7.22.10
│  ├─ @babel/plugin-transform-dotall-regex@^7.22.5
│  ├─ @babel/plugin-transform-duplicate-keys@^7.22.5
│  ├─ @babel/plugin-transform-dynamic-import@^7.22.5
│  ├─ @babel/plugin-transform-exponentiation-operator@^7.22.5
│  ├─ @babel/plugin-transform-export-namespace-from@^7.22.5
│  ├─ @babel/plugin-transform-for-of@^7.22.5
│  ├─ @babel/plugin-transform-function-name@^7.22.5
│  ├─ @babel/plugin-transform-json-strings@^7.22.5
│  ├─ @babel/plugin-transform-literals@^7.22.5
│  ├─ @babel/plugin-transform-logical-assignment-operators@^7.22.5
│  ├─ @babel/plugin-transform-member-expression-literals@^7.22.5
│  ├─ @babel/plugin-transform-modules-amd@^7.22.5
│  ├─ @babel/plugin-transform-modules-commonjs@^7.22.5
│  ├─ @babel/plugin-transform-modules-systemjs@^7.22.5
│  ├─ @babel/plugin-transform-modules-umd@^7.22.5
│  ├─ @babel/plugin-transform-named-capturing-groups-regex@^7.22.5
│  ├─ @babel/plugin-transform-new-target@^7.22.5
│  ├─ @babel/plugin-transform-nullish-coalescing-operator@^7.22.5
│  ├─ @babel/plugin-transform-numeric-separator@^7.22.5
│  ├─ @babel/plugin-transform-object-rest-spread@^7.22.5
│  ├─ @babel/plugin-transform-object-super@^7.22.5
│  ├─ @babel/plugin-transform-optional-catch-binding@^7.22.5
│  ├─ @babel/plugin-transform-optional-chaining@^7.22.10
│  ├─ @babel/plugin-transform-parameters@^7.22.5
│  ├─ @babel/plugin-transform-private-methods@^7.22.5
│  ├─ @babel/plugin-transform-private-property-in-object@^7.22.5
│  ├─ @babel/plugin-transform-property-literals@^7.22.5
│  ├─ @babel/plugin-transform-regenerator@^7.22.10
│  ├─ @babel/plugin-transform-reserved-words@^7.22.5
│  ├─ @babel/plugin-transform-shorthand-properties@^7.22.5
│  ├─ @babel/plugin-transform-spread@^7.22.5
│  ├─ @babel/plugin-transform-sticky-regex@^7.22.5
│  ├─ @babel/plugin-transform-template-literals@^7.22.5
│  ├─ @babel/plugin-transform-typeof-symbol@^7.22.5
│  ├─ @babel/plugin-transform-unicode-escapes@^7.22.10
│  ├─ @babel/plugin-transform-unicode-property-regex@^7.22.5
│  ├─ @babel/plugin-transform-unicode-regex@^7.22.5
│  ├─ @babel/plugin-transform-unicode-sets-regex@^7.22.5
│  ├─ @babel/preset-modules@0.1.6-no-external-plugins
│  ├─ @babel/types@^7.22.10
│  ├─ babel-plugin-polyfill-corejs2@^0.4.5
│  ├─ babel-plugin-polyfill-corejs3@^0.8.3
│  ├─ babel-plugin-polyfill-regenerator@^0.5.2
│  ├─ core-js-compat@^3.31.0
│  └─ semver@^6.3.1
├─ @babel/preset-flow@7.22.5
│  ├─ @babel/helper-plugin-utils@^7.22.5
│  ├─ @babel/helper-validator-option@^7.22.5
│  └─ @babel/plugin-transform-flow-strip-types@^7.22.5
├─ @babel/preset-modules@0.1.6-no-external-plugins
│  ├─ @babel/helper-plugin-utils@^7.0.0
│  ├─ @babel/types@^7.4.4
│  └─ esutils@^2.0.2
├─ @babel/preset-typescript@7.22.11
│  ├─ @babel/helper-plugin-utils@^7.22.5
│  ├─ @babel/helper-validator-option@^7.22.5
│  ├─ @babel/plugin-syntax-jsx@^7.22.5
│  ├─ @babel/plugin-transform-modules-commonjs@^7.22.11
│  └─ @babel/plugin-transform-typescript@^7.22.11
├─ @babel/register@7.22.5
│  ├─ clone-deep@^4.0.1
│  ├─ find-cache-dir@^2.0.0
│  ├─ find-cache-dir@2.1.0
│  │  ├─ commondir@^1.0.1
│  │  ├─ make-dir@^2.0.0
│  │  └─ pkg-dir@^3.0.0
│  ├─ find-up@3.0.0
│  │  └─ locate-path@^3.0.0
│  ├─ locate-path@3.0.0
│  │  ├─ p-locate@^3.0.0
│  │  └─ path-exists@^3.0.0
│  ├─ make-dir@^2.1.0
│  ├─ p-locate@3.0.0
│  │  └─ p-limit@^2.0.0
│  ├─ pirates@^4.0.5
│  ├─ pkg-dir@3.0.0
│  │  └─ find-up@^3.0.0
│  └─ source-map-support@^0.5.16
├─ @babel/regjsgen@0.8.0
├─ @babel/runtime@7.22.11
│  ├─ regenerator-runtime@^0.14.0
│  └─ regenerator-runtime@0.14.0
├─ @babel/template@7.22.5
│  ├─ @babel/code-frame@^7.22.5
│  ├─ @babel/parser@^7.22.5
│  └─ @babel/types@^7.22.5
├─ @babel/traverse@7.22.11
│  ├─ @babel/code-frame@^7.22.10
│  ├─ @babel/generator@^7.22.10
│  ├─ @babel/helper-environment-visitor@^7.22.5
│  ├─ @babel/helper-function-name@^7.22.5
│  ├─ @babel/helper-hoist-variables@^7.22.5
│  ├─ @babel/helper-split-export-declaration@^7.22.6
│  ├─ @babel/parser@^7.22.11
│  ├─ @babel/types@^7.22.11
│  ├─ debug@^4.1.0
│  ├─ debug@4.3.4
│  │  └─ ms@2.1.2
│  ├─ globals@^11.1.0
│  └─ ms@2.1.2
├─ @babel/types@7.22.11
│  ├─ @babel/helper-string-parser@^7.22.5
│  ├─ @babel/helper-validator-identifier@^7.22.5
│  └─ to-fast-properties@^2.0.0
├─ @expo/bunyan@4.0.0
│  ├─ mv@~2
│  ├─ safe-json-stringify@~1
│  ├─ uuid@^8.0.0
│  └─ uuid@8.3.2
├─ @expo/cli@0.7.3
│  ├─ @babel/runtime@^7.20.0
│  ├─ @expo/code-signing-certificates@0.0.5
│  ├─ @expo/config-plugins@~6.0.0
│  ├─ @expo/config@~8.0.0
│  ├─ @expo/dev-server@0.3.0
│  ├─ @expo/devcert@^1.0.0
│  ├─ @expo/json-file@^8.2.37
│  ├─ @expo/metro-config@~0.7.0
│  ├─ @expo/osascript@^2.0.31
│  ├─ @expo/package-manager@~1.0.0
│  ├─ @expo/plist@^0.0.20
│  ├─ @expo/prebuild-config@6.0.1
│  ├─ @expo/rudder-sdk-node@1.1.1
│  ├─ @expo/spawn-async@1.5.0
│  ├─ @expo/spawn-async@1.5.0
│  │  └─ cross-spawn@^6.0.5
│  ├─ @expo/xcpretty@^4.2.1
│  ├─ @urql/core@2.3.6
│  ├─ @urql/exchange-retry@0.3.0
│  ├─ accepts@^1.3.8
│  ├─ ansi-regex@4.1.1
│  ├─ ansi-styles@3.2.1
│  │  └─ color-convert@^1.9.0
│  ├─ arg@4.1.0
│  ├─ better-opn@~3.0.2
│  ├─ bplist-parser@^0.3.1
│  ├─ cacache@^15.3.0
│  ├─ chalk@^4.0.0
│  ├─ ci-info@^3.3.0
│  ├─ cli-cursor@2.1.0
│  │  └─ restore-cursor@^2.0.0
│  ├─ color-convert@1.9.3
│  │  └─ color-name@1.1.3
│  ├─ color-name@1.1.3
│  ├─ debug@^4.3.4
│  ├─ debug@4.3.4
│  │  └─ ms@2.1.2
│  ├─ env-editor@^0.4.1
│  ├─ form-data@^3.0.1
│  ├─ freeport-async@2.0.0
│  ├─ fs-extra@~8.1.0
│  ├─ fs-extra@8.1.0
│  │  ├─ graceful-fs@^4.2.0
│  │  ├─ jsonfile@^4.0.0
│  │  └─ universalify@^0.1.0
│  ├─ getenv@^1.0.0
│  ├─ graphql-tag@^2.10.1
│  ├─ graphql@15.8.0
│  ├─ has-flag@3.0.0
│  ├─ https-proxy-agent@^5.0.1
│  ├─ internal-ip@4.3.0
│  ├─ is-root@^2.1.0
│  ├─ js-yaml@^3.13.1
│  ├─ json-schema-deref-sync@^0.13.0
│  ├─ jsonfile@4.0.0
│  │  └─ graceful-fs@^4.1.6
│  ├─ log-symbols@2.2.0
│  │  ├─ chalk@^2.0.1
│  │  └─ chalk@2.4.2
│  │     ├─ ansi-styles@^3.2.1
│  │     ├─ escape-string-regexp@^1.0.5
│  │     └─ supports-color@^5.3.0
│  ├─ md5-file@^3.2.3
│  ├─ md5hex@^1.0.0
│  ├─ mimic-fn@1.2.0
│  ├─ minipass@3.1.6
│  ├─ minipass@3.1.6
│  │  └─ yallist@^4.0.0
│  ├─ ms@2.1.2
│  ├─ node-fetch@^2.6.7
│  ├─ node-forge@^1.3.1
│  ├─ npm-package-arg@^7.0.0
│  ├─ onetime@2.0.1
│  │  └─ mimic-fn@^1.0.0
│  ├─ ora@3.4.0
│  ├─ ora@3.4.0
│  │  ├─ chalk@^2.4.2
│  │  ├─ chalk@2.4.2
│  │  │  ├─ ansi-styles@^3.2.1
│  │  │  ├─ escape-string-regexp@^1.0.5
│  │  │  └─ supports-color@^5.3.0
│  │  ├─ cli-cursor@^2.1.0
│  │  ├─ cli-spinners@^2.0.0
│  │  ├─ log-symbols@^2.2.0
│  │  ├─ strip-ansi@^5.2.0
│  │  └─ wcwidth@^1.0.1
│  ├─ pretty-bytes@5.6.0
│  ├─ progress@2.0.3
│  ├─ prompts@^2.3.2
│  ├─ qrcode-terminal@0.11.0
│  ├─ requireg@^0.2.2
│  ├─ resolve-from@^5.0.0
│  ├─ restore-cursor@2.0.0
│  │  ├─ onetime@^2.0.0
│  │  └─ signal-exit@^3.0.2
│  ├─ semver@^6.3.0
│  ├─ send@^0.18.0
│  ├─ slugify@^1.3.4
│  ├─ strip-ansi@5.2.0
│  │  └─ ansi-regex@^4.1.0
│  ├─ structured-headers@^0.4.1
│  ├─ supports-color@5.5.0
│  │  └─ has-flag@^3.0.0
│  ├─ tar@^6.0.5
│  ├─ tempy@^0.7.1
│  ├─ terminal-link@^2.1.1
│  ├─ text-table@^0.2.0
│  ├─ universalify@0.1.2
│  ├─ url-join@4.0.0
│  ├─ wrap-ansi@^7.0.0
│  ├─ ws@^8.12.1
│  └─ ws@8.13.0
├─ @expo/code-signing-certificates@0.0.5
│  ├─ node-forge@^1.2.1
│  └─ nullthrows@^1.1.1
├─ @expo/config-plugins@6.0.2
│  ├─ @expo/config-types@^48.0.0
│  ├─ @expo/json-file@~8.2.37
│  ├─ @expo/plist@^0.0.20
│  ├─ @expo/sdk-runtime-versions@^1.0.0
│  ├─ @react-native/normalize-color@^2.0.0
│  ├─ chalk@^4.1.2
│  ├─ debug@^4.3.1
│  ├─ debug@4.3.4
│  │  └─ ms@2.1.2
│  ├─ find-up@~5.0.0
│  ├─ getenv@^1.0.0
│  ├─ glob@7.1.6
│  ├─ glob@7.1.6
│  │  ├─ fs.realpath@^1.0.0
│  │  ├─ inflight@^1.0.4
│  │  ├─ inherits@2
│  │  ├─ minimatch@^3.0.4
│  │  ├─ once@^1.3.0
│  │  └─ path-is-absolute@^1.0.0
│  ├─ ms@2.1.2
│  ├─ resolve-from@^5.0.0
│  ├─ semver@^7.3.5
│  ├─ semver@7.5.4
│  │  └─ lru-cache@^6.0.0
│  ├─ slash@^3.0.0
│  ├─ xcode@^3.0.1
│  └─ xml2js@0.4.23
├─ @expo/config-types@48.0.0
├─ @expo/config@8.0.5
│  ├─ @babel/code-frame@~7.10.4
│  ├─ @babel/code-frame@7.10.4
│  │  └─ @babel/highlight@^7.10.4
│  ├─ @expo/config-plugins@~6.0.0
│  ├─ @expo/config-types@^48.0.0
│  ├─ @expo/json-file@^8.2.37
│  ├─ getenv@^1.0.0
│  ├─ glob@7.1.6
│  ├─ glob@7.1.6
│  │  ├─ fs.realpath@^1.0.0
│  │  ├─ inflight@^1.0.4
│  │  ├─ inherits@2
│  │  ├─ minimatch@^3.0.4
│  │  ├─ once@^1.3.0
│  │  └─ path-is-absolute@^1.0.0
│  ├─ require-from-string@^2.0.2
│  ├─ resolve-from@^5.0.0
│  ├─ semver@7.3.2
│  ├─ semver@7.3.2
│  ├─ slugify@^1.3.4
│  └─ sucrase@^3.20.0
├─ @expo/configure-splash-screen@0.6.0
│  ├─ color-string@^1.5.3
│  ├─ commander@^5.1.0
│  ├─ fs-extra@^9.0.0
│  ├─ glob@^7.1.6
│  ├─ lodash@^4.17.15
│  ├─ pngjs@^5.0.0
│  ├─ xcode@^3.0.0
│  └─ xml-js@^1.6.11
├─ @expo/dev-server@0.3.0
│  ├─ @expo/bunyan@4.0.0
│  ├─ @expo/metro-config@~0.7.0
│  ├─ @expo/osascript@2.0.33
│  ├─ @expo/spawn-async@^1.5.0
│  ├─ body-parser@^1.20.1
│  ├─ chalk@^4.0.0
│  ├─ connect@^3.7.0
│  ├─ fs-extra@9.0.0
│  ├─ fs-extra@9.0.0
│  │  ├─ at-least-node@^1.0.0
│  │  ├─ graceful-fs@^4.2.0
│  │  ├─ jsonfile@^6.0.1
│  │  └─ universalify@^1.0.0
│  ├─ is-docker@^2.0.0
│  ├─ is-wsl@^2.1.1
│  ├─ node-fetch@^2.6.0
│  ├─ open@^8.3.0
│  ├─ resolve-from@^5.0.0
│  ├─ semver@7.3.2
│  ├─ semver@7.3.2
│  ├─ serialize-error@6.0.0
│  ├─ temp-dir@^2.0.0
│  └─ universalify@1.0.0
├─ @expo/devcert@1.1.0
│  ├─ application-config-path@^0.1.0
│  ├─ command-exists@^1.2.4
│  ├─ debug@^3.1.0
│  ├─ debug@3.2.7
│  │  └─ ms@^2.1.1
│  ├─ eol@^0.9.1
│  ├─ get-port@^3.2.0
│  ├─ glob@^7.1.2
│  ├─ lodash@^4.17.4
│  ├─ mkdirp@^0.5.1
│  ├─ password-prompt@^1.0.4
│  ├─ rimraf@^2.6.2
│  ├─ rimraf@2.7.1
│  │  └─ glob@^7.1.3
│  ├─ sudo-prompt@^8.2.0
│  ├─ sudo-prompt@8.2.5
│  ├─ tmp@^0.0.33
│  └─ tslib@^2.4.0
├─ @expo/image-utils@0.3.22
│  ├─ @expo/spawn-async@1.5.0
│  ├─ @expo/spawn-async@1.5.0
│  │  └─ cross-spawn@^6.0.5
│  ├─ chalk@^4.0.0
│  ├─ crypto-random-string@1.0.0
│  ├─ fs-extra@9.0.0
│  ├─ fs-extra@9.0.0
│  │  ├─ at-least-node@^1.0.0
│  │  ├─ graceful-fs@^4.2.0
│  │  ├─ jsonfile@^6.0.1
│  │  └─ universalify@^1.0.0
│  ├─ getenv@^1.0.0
│  ├─ jimp-compact@0.16.1
│  ├─ mime@^2.4.4
│  ├─ node-fetch@^2.6.0
│  ├─ parse-png@^2.1.0
│  ├─ resolve-from@^5.0.0
│  ├─ semver@7.3.2
│  ├─ semver@7.3.2
│  ├─ temp-dir@1.0.0
│  ├─ tempy@0.3.0
│  ├─ tempy@0.3.0
│  │  ├─ temp-dir@^1.0.0
│  │  ├─ type-fest@^0.3.1
│  │  └─ unique-string@^1.0.0
│  ├─ type-fest@0.3.1
│  ├─ unique-string@1.0.0
│  │  └─ crypto-random-string@^1.0.0
│  └─ universalify@1.0.0
├─ @expo/json-file@8.2.37
│  ├─ @babel/code-frame@~7.10.4
│  ├─ @babel/code-frame@7.10.4
│  │  └─ @babel/highlight@^7.10.4
│  ├─ json5@^2.2.2
│  └─ write-file-atomic@^2.3.0
├─ @expo/metro-config@0.7.1
│  ├─ @expo/config@~8.0.0
│  ├─ chalk@^4.1.0
│  ├─ debug@^4.3.2
│  ├─ debug@4.3.4
│  │  └─ ms@2.1.2
│  ├─ find-yarn-workspace-root@~2.0.0
│  ├─ getenv@^1.0.0
│  ├─ ms@2.1.2
│  ├─ resolve-from@^5.0.0
│  └─ sucrase@^3.20.0
├─ @expo/osascript@2.0.33
│  ├─ @expo/spawn-async@^1.5.0
│  └─ exec-async@^2.2.0
├─ @expo/package-manager@1.0.2
│  ├─ @expo/json-file@^8.2.37
│  ├─ @expo/spawn-async@^1.5.0
│  ├─ ansi-regex@^5.0.0
│  ├─ chalk@^4.0.0
│  ├─ find-up@^5.0.0
│  ├─ find-yarn-workspace-root@~2.0.0
│  ├─ js-yaml@^3.13.1
│  ├─ micromatch@^4.0.2
│  ├─ npm-package-arg@^7.0.0
│  ├─ split@^1.0.1
│  └─ sudo-prompt@9.1.1
├─ @expo/plist@0.0.20
│  ├─ @xmldom/xmldom@~0.7.7
│  ├─ base64-js@^1.2.3
│  └─ xmlbuilder@^14.0.0
├─ @expo/prebuild-config@6.0.1
│  ├─ @expo/config-plugins@~6.0.0
│  ├─ @expo/config-types@^48.0.0
│  ├─ @expo/config@~8.0.0
│  ├─ @expo/image-utils@0.3.22
│  ├─ @expo/json-file@^8.2.37
│  ├─ debug@^4.3.1
│  ├─ debug@4.3.4
│  │  └─ ms@2.1.2
│  ├─ fs-extra@^9.0.0
│  ├─ ms@2.1.2
│  ├─ resolve-from@^5.0.0
│  ├─ semver@7.3.2
│  ├─ semver@7.3.2
│  └─ xml2js@0.4.23
├─ @expo/rudder-sdk-node@1.1.1
│  ├─ @expo/bunyan@^4.0.0
│  ├─ @segment/loosely-validate-event@^2.0.0
│  ├─ fetch-retry@^4.1.1
│  ├─ md5@^2.2.1
│  ├─ node-fetch@^2.6.1
│  ├─ remove-trailing-slash@^0.1.0
│  ├─ uuid@^8.3.2
│  └─ uuid@8.3.2
├─ @expo/sdk-runtime-versions@1.0.0
├─ @expo/spawn-async@1.7.2
│  ├─ cross-spawn@^7.0.3
│  ├─ cross-spawn@7.0.3
│  │  ├─ path-key@^3.1.0
│  │  ├─ shebang-command@^2.0.0
│  │  └─ which@^2.0.1
│  ├─ path-key@3.1.1
│  ├─ shebang-command@2.0.0
│  │  └─ shebang-regex@^3.0.0
│  ├─ shebang-regex@3.0.0
│  └─ which@2.0.2
│     └─ isexe@^2.0.0
├─ @expo/vector-icons@13.0.0
├─ @expo/xcpretty@4.2.2
│  ├─ @babel/code-frame@7.10.4
│  ├─ @babel/code-frame@7.10.4
│  │  └─ @babel/highlight@^7.10.4
│  ├─ argparse@2.0.1
│  ├─ chalk@^4.1.0
│  ├─ find-up@^5.0.0
│  ├─ js-yaml@^4.1.0
│  └─ js-yaml@4.1.0
│     └─ argparse@^2.0.1
├─ @gar/promisify@1.1.3
├─ @graphql-typed-document-node/core@3.2.0
├─ @hapi/hoek@9.3.0
├─ @hapi/topo@5.1.0
│  └─ @hapi/hoek@^9.0.0
├─ @jest/create-cache-key-function@29.6.3
│  └─ @jest/types@^29.6.3
├─ @jest/environment@29.6.4
│  ├─ @jest/fake-timers@^29.6.4
│  ├─ @jest/types@^29.6.3
│  ├─ @types/node@*
│  └─ jest-mock@^29.6.3
├─ @jest/fake-timers@29.6.4
│  ├─ @jest/types@^29.6.3
│  ├─ @sinonjs/fake-timers@^10.0.2
│  ├─ @types/node@*
│  ├─ jest-message-util@^29.6.3
│  ├─ jest-mock@^29.6.3
│  └─ jest-util@^29.6.3
├─ @jest/schemas@29.6.3
│  └─ @sinclair/typebox@^0.27.8
├─ @jest/types@29.6.3
│  ├─ @jest/schemas@^29.6.3
│  ├─ @types/istanbul-lib-coverage@^2.0.0
│  ├─ @types/istanbul-reports@^3.0.0
│  ├─ @types/node@*
│  ├─ @types/yargs@^17.0.8
│  └─ chalk@^4.0.0
├─ @jridgewell/gen-mapping@0.3.3
│  ├─ @jridgewell/set-array@^1.0.1
│  ├─ @jridgewell/sourcemap-codec@^1.4.10
│  └─ @jridgewell/trace-mapping@^0.3.9
├─ @jridgewell/resolve-uri@3.1.1
├─ @jridgewell/set-array@1.1.2
├─ @jridgewell/source-map@0.3.5
│  ├─ @jridgewell/gen-mapping@^0.3.0
│  └─ @jridgewell/trace-mapping@^0.3.9
├─ @jridgewell/sourcemap-codec@1.4.15
├─ @jridgewell/trace-mapping@0.3.19
│  ├─ @jridgewell/resolve-uri@^3.1.0
│  └─ @jridgewell/sourcemap-codec@^1.4.14
├─ @nodelib/fs.scandir@2.1.5
│  ├─ @nodelib/fs.stat@2.0.5
│  └─ run-parallel@^1.1.9
├─ @nodelib/fs.stat@2.0.5
├─ @nodelib/fs.walk@1.2.8
│  ├─ @nodelib/fs.scandir@2.1.5
│  └─ fastq@^1.6.0
├─ @npmcli/fs@1.1.1
│  ├─ @gar/promisify@^1.0.1
│  ├─ semver@^7.3.5
│  └─ semver@7.5.4
│     └─ lru-cache@^6.0.0
├─ @npmcli/move-file@1.1.2
│  ├─ mkdirp@^1.0.4
│  ├─ mkdirp@1.0.4
│  └─ rimraf@^3.0.2
├─ @react-native-community/cli-clean@10.1.1
│  ├─ @react-native-community/cli-tools@^10.1.1
│  ├─ chalk@^4.1.2
│  ├─ execa@^1.0.0
│  └─ prompts@^2.4.0
├─ @react-native-community/cli-config@10.1.1
│  ├─ @react-native-community/cli-tools@^10.1.1
│  ├─ chalk@^4.1.2
│  ├─ cosmiconfig@^5.1.0
│  ├─ deepmerge@^3.2.0
│  ├─ glob@^7.1.3
│  └─ joi@^17.2.1
├─ @react-native-community/cli-debugger-ui@10.0.0
│  └─ serve-static@^1.13.1
├─ @react-native-community/cli-doctor@10.2.5
│  ├─ @react-native-community/cli-config@^10.1.1
│  ├─ @react-native-community/cli-platform-ios@^10.2.5
│  ├─ @react-native-community/cli-platform-ios@10.2.5
│  │  ├─ @react-native-community/cli-tools@^10.1.1
│  │  ├─ chalk@^4.1.2
│  │  ├─ execa@^1.0.0
│  │  ├─ fast-xml-parser@^4.0.12
│  │  ├─ glob@^7.1.3
│  │  └─ ora@^5.4.1
│  ├─ @react-native-community/cli-tools@^10.1.1
│  ├─ ansi-regex@4.1.1
│  ├─ chalk@^4.1.2
│  ├─ command-exists@^1.2.8
│  ├─ envinfo@^7.7.2
│  ├─ execa@^1.0.0
│  ├─ hermes-profile-transformer@^0.0.6
│  ├─ ip@^1.1.5
│  ├─ node-stream-zip@^1.9.1
│  ├─ ora@^5.4.1
│  ├─ prompts@^2.4.0
│  ├─ semver@^6.3.0
│  ├─ strip-ansi@^5.2.0
│  ├─ strip-ansi@5.2.0
│  │  └─ ansi-regex@^4.1.0
│  ├─ sudo-prompt@^9.0.0
│  ├─ sudo-prompt@9.2.1
│  └─ wcwidth@^1.0.1
├─ @react-native-community/cli-hermes@10.2.0
│  ├─ @react-native-community/cli-platform-android@^10.2.0
│  ├─ @react-native-community/cli-tools@^10.1.1
│  ├─ chalk@^4.1.2
│  ├─ hermes-profile-transformer@^0.0.6
│  └─ ip@^1.1.5
├─ @react-native-community/cli-platform-android@10.2.0
│  ├─ @react-native-community/cli-tools@^10.1.1
│  ├─ chalk@^4.1.2
│  ├─ execa@^1.0.0
│  ├─ glob@^7.1.3
│  └─ logkitty@^0.7.1
├─ @react-native-community/cli-platform-ios@10.2.1
│  ├─ @react-native-community/cli-tools@^10.1.1
│  ├─ chalk@^4.1.2
│  ├─ execa@^1.0.0
│  ├─ fast-xml-parser@^4.0.12
│  ├─ glob@^7.1.3
│  └─ ora@^5.4.1
├─ @react-native-community/cli-plugin-metro@10.2.3
│  ├─ @react-native-community/cli-server-api@^10.1.1
│  ├─ @react-native-community/cli-tools@^10.1.1
│  ├─ chalk@^4.1.2
│  ├─ execa@^1.0.0
│  ├─ metro-config@0.73.10
│  ├─ metro-core@0.73.10
│  ├─ metro-react-native-babel-transformer@0.73.10
│  ├─ metro-react-native-babel-transformer@0.73.10
│  │  ├─ @babel/core@^7.20.0
│  │  ├─ babel-preset-fbjs@^3.4.0
│  │  ├─ hermes-parser@0.8.0
│  │  ├─ metro-babel-transformer@0.73.10
│  │  ├─ metro-react-native-babel-preset@0.73.10
│  │  ├─ metro-source-map@0.73.10
│  │  └─ nullthrows@^1.1.1
│  ├─ metro-resolver@0.73.10
│  ├─ metro-runtime@0.73.10
│  ├─ metro@0.73.10
│  └─ readline@^1.3.0
├─ @react-native-community/cli-server-api@10.1.1
│  ├─ @react-native-community/cli-debugger-ui@^10.0.0
│  ├─ @react-native-community/cli-tools@^10.1.1
│  ├─ compression@^1.7.1
│  ├─ connect@^3.6.5
│  ├─ errorhandler@^1.5.0
│  ├─ nocache@^3.0.1
│  ├─ pretty-format@^26.6.2
│  ├─ serve-static@^1.13.1
│  └─ ws@^7.5.1
├─ @react-native-community/cli-tools@10.1.1
│  ├─ appdirsjs@^1.2.4
│  ├─ chalk@^4.1.2
│  ├─ find-up@^5.0.0
│  ├─ is-wsl@1.1.0
│  ├─ mime@^2.4.1
│  ├─ node-fetch@^2.6.0
│  ├─ open@^6.2.0
│  ├─ open@6.4.0
│  │  └─ is-wsl@^1.1.0
│  ├─ ora@^5.4.1
│  ├─ semver@^6.3.0
│  └─ shell-quote@^1.7.3
├─ @react-native-community/cli-types@10.0.0
│  └─ joi@^17.2.1
├─ @react-native-community/cli@10.2.2
│  ├─ @react-native-community/cli-clean@^10.1.1
│  ├─ @react-native-community/cli-config@^10.1.1
│  ├─ @react-native-community/cli-debugger-ui@^10.0.0
│  ├─ @react-native-community/cli-doctor@^10.2.2
│  ├─ @react-native-community/cli-hermes@^10.2.0
│  ├─ @react-native-community/cli-plugin-metro@^10.2.2
│  ├─ @react-native-community/cli-server-api@^10.1.1
│  ├─ @react-native-community/cli-tools@^10.1.1
│  ├─ @react-native-community/cli-types@^10.0.0
│  ├─ chalk@^4.1.2
│  ├─ commander@^9.4.1
│  ├─ commander@9.5.0
│  ├─ execa@^1.0.0
│  ├─ find-up@^4.1.0
│  ├─ find-up@4.1.0
│  │  ├─ locate-path@^5.0.0
│  │  └─ path-exists@^4.0.0
│  ├─ fs-extra@^8.1.0
│  ├─ fs-extra@8.1.0
│  │  ├─ graceful-fs@^4.2.0
│  │  ├─ jsonfile@^4.0.0
│  │  └─ universalify@^0.1.0
│  ├─ graceful-fs@^4.1.3
│  ├─ jsonfile@4.0.0
│  │  └─ graceful-fs@^4.1.6
│  ├─ locate-path@5.0.0
│  │  └─ p-locate@^4.1.0
│  ├─ p-locate@4.1.0
│  │  └─ p-limit@^2.2.0
│  ├─ path-exists@4.0.0
│  ├─ prompts@^2.4.0
│  ├─ semver@^6.3.0
│  └─ universalify@0.1.2
├─ @react-native/assets@1.0.0
├─ @react-native/normalize-color@2.1.0
├─ @react-native/polyfills@2.0.0
├─ @segment/loosely-validate-event@2.0.0
│  ├─ component-type@^1.2.1
│  └─ join-component@^1.1.0
├─ @sideway/address@4.1.4
│  └─ @hapi/hoek@^9.0.0
├─ @sideway/formula@3.0.1
├─ @sideway/pinpoint@2.0.0
├─ @sinclair/typebox@0.27.8
├─ @sinonjs/commons@3.0.0
│  └─ type-detect@4.0.8
├─ @sinonjs/fake-timers@10.3.0
│  └─ @sinonjs/commons@^3.0.0
├─ @types/istanbul-lib-coverage@2.0.4
├─ @types/istanbul-lib-report@3.0.0
│  └─ @types/istanbul-lib-coverage@*
├─ @types/istanbul-reports@3.0.1
│  └─ @types/istanbul-lib-report@*
├─ @types/json-schema@7.0.12
├─ @types/node@20.5.7
├─ @types/stack-utils@2.0.1
├─ @types/yargs-parser@21.0.0
├─ @types/yargs@17.0.24
│  └─ @types/yargs-parser@*
├─ @urql/core@2.3.6
│  ├─ @graphql-typed-document-node/core@^3.1.0
│  └─ wonka@^4.0.14
├─ @urql/exchange-retry@0.3.0
│  ├─ @urql/core@>=2.3.1
│  ├─ @urql/core@4.1.1
│  │  ├─ @0no-co/graphql.web@^1.0.1
│  │  ├─ wonka@^6.3.2
│  │  └─ wonka@6.3.4
│  └─ wonka@^4.0.14
├─ @xmldom/xmldom@0.7.13
├─ abort-controller@3.0.0
│  └─ event-target-shim@^5.0.0
├─ absolute-path@0.0.0
├─ accepts@1.3.8
│  ├─ mime-types@~2.1.34
│  └─ negotiator@0.6.3
├─ acorn@8.10.0
├─ agent-base@6.0.2
│  ├─ debug@4
│  ├─ debug@4.3.4
│  │  └─ ms@2.1.2
│  └─ ms@2.1.2
├─ aggregate-error@3.1.0
│  ├─ clean-stack@^2.0.0
│  └─ indent-string@^4.0.0
├─ ajv-keywords@3.5.2
├─ ajv@6.12.6
│  ├─ fast-deep-equal@^3.1.1
│  ├─ fast-json-stable-stringify@^2.0.0
│  ├─ json-schema-traverse@^0.4.1
│  └─ uri-js@^4.2.2
├─ anser@1.4.10
├─ ansi-escapes@4.3.2
│  ├─ type-fest@^0.21.3
│  └─ type-fest@0.21.3
├─ ansi-fragments@0.2.1
│  ├─ ansi-regex@4.1.1
│  ├─ colorette@^1.0.7
│  ├─ slice-ansi@^2.0.0
│  ├─ strip-ansi@^5.0.0
│  └─ strip-ansi@5.2.0
│     └─ ansi-regex@^4.1.0
├─ ansi-regex@5.0.1
├─ ansi-styles@4.3.0
│  └─ color-convert@^2.0.1
├─ any-promise@1.3.0
├─ anymatch@3.1.3
│  ├─ normalize-path@^3.0.0
│  └─ picomatch@^2.0.4
├─ appdirsjs@1.2.7
├─ application-config-path@0.1.1
├─ arg@4.1.0
├─ argparse@1.0.10
│  └─ sprintf-js@~1.0.2
├─ arr-diff@4.0.0
├─ arr-flatten@1.1.0
├─ arr-union@3.1.0
├─ array-union@2.1.0
├─ array-unique@0.3.2
├─ asap@2.0.6
├─ assign-symbols@1.0.0
├─ ast-types@0.14.2
│  └─ tslib@^2.0.1
├─ astral-regex@1.0.0
├─ async-limiter@1.0.1
├─ async@3.2.4
├─ asynckit@0.4.0
├─ at-least-node@1.0.0
├─ atob@2.1.2
├─ babel-core@7.0.0-bridge.0
├─ babel-loader@8.3.0
│  ├─ find-cache-dir@^3.3.1
│  ├─ loader-utils@^2.0.0
│  ├─ make-dir@^3.1.0
│  ├─ make-dir@3.1.0
│  │  └─ semver@^6.0.0
│  └─ schema-utils@^2.6.5
├─ babel-plugin-module-resolver@4.1.0
│  ├─ find-babel-config@^1.2.0
│  ├─ glob@^7.1.6
│  ├─ pkg-up@^3.1.0
│  ├─ reselect@^4.0.0
│  └─ resolve@^1.13.1
├─ babel-plugin-polyfill-corejs2@0.4.5
│  ├─ @babel/compat-data@^7.22.6
│  ├─ @babel/helper-define-polyfill-provider@^0.4.2
│  └─ semver@^6.3.1
├─ babel-plugin-polyfill-corejs3@0.8.3
│  ├─ @babel/helper-define-polyfill-provider@^0.4.2
│  └─ core-js-compat@^3.31.0
├─ babel-plugin-polyfill-regenerator@0.5.2
│  └─ @babel/helper-define-polyfill-provider@^0.4.2
├─ babel-plugin-react-native-web@0.18.12
├─ babel-plugin-syntax-trailing-function-commas@7.0.0-beta.0
├─ babel-preset-expo@9.3.2
│  ├─ @babel/plugin-proposal-decorators@^7.12.9
│  ├─ @babel/plugin-proposal-object-rest-spread@^7.12.13
│  ├─ @babel/plugin-transform-react-jsx@^7.12.17
│  ├─ @babel/preset-env@^7.20.0
│  ├─ babel-plugin-module-resolver@^4.1.0
│  ├─ babel-plugin-react-native-web@~0.18.10
│  ├─ metro-react-native-babel-preset@0.73.9
│  └─ metro-react-native-babel-preset@0.73.9
│     ├─ @babel/core@^7.20.0
│     ├─ @babel/plugin-proposal-async-generator-functions@^7.0.0
│     ├─ @babel/plugin-proposal-class-properties@^7.0.0
│     ├─ @babel/plugin-proposal-export-default-from@^7.0.0
│     ├─ @babel/plugin-proposal-nullish-coalescing-operator@^7.0.0
│     ├─ @babel/plugin-proposal-object-rest-spread@^7.0.0
│     ├─ @babel/plugin-proposal-optional-catch-binding@^7.0.0
│     ├─ @babel/plugin-proposal-optional-chaining@^7.0.0
│     ├─ @babel/plugin-syntax-dynamic-import@^7.0.0
│     ├─ @babel/plugin-syntax-export-default-from@^7.0.0
│     ├─ @babel/plugin-syntax-flow@^7.18.0
│     ├─ @babel/plugin-syntax-nullish-coalescing-operator@^7.0.0
│     ├─ @babel/plugin-syntax-optional-chaining@^7.0.0
│     ├─ @babel/plugin-transform-arrow-functions@^7.0.0
│     ├─ @babel/plugin-transform-async-to-generator@^7.0.0
│     ├─ @babel/plugin-transform-block-scoping@^7.0.0
│     ├─ @babel/plugin-transform-classes@^7.0.0
│     ├─ @babel/plugin-transform-computed-properties@^7.0.0
│     ├─ @babel/plugin-transform-destructuring@^7.0.0
│     ├─ @babel/plugin-transform-flow-strip-types@^7.0.0
│     ├─ @babel/plugin-transform-function-name@^7.0.0
│     ├─ @babel/plugin-transform-literals@^7.0.0
│     ├─ @babel/plugin-transform-modules-commonjs@^7.0.0
│     ├─ @babel/plugin-transform-named-capturing-groups-regex@^7.0.0
│     ├─ @babel/plugin-transform-parameters@^7.0.0
│     ├─ @babel/plugin-transform-react-display-name@^7.0.0
│     ├─ @babel/plugin-transform-react-jsx-self@^7.0.0
│     ├─ @babel/plugin-transform-react-jsx-source@^7.0.0
│     ├─ @babel/plugin-transform-react-jsx@^7.0.0
│     ├─ @babel/plugin-transform-runtime@^7.0.0
│     ├─ @babel/plugin-transform-shorthand-properties@^7.0.0
│     ├─ @babel/plugin-transform-spread@^7.0.0
│     ├─ @babel/plugin-transform-sticky-regex@^7.0.0
│     ├─ @babel/plugin-transform-template-literals@^7.0.0
│     ├─ @babel/plugin-transform-typescript@^7.5.0
│     ├─ @babel/plugin-transform-unicode-regex@^7.0.0
│     ├─ @babel/template@^7.0.0
│     └─ react-refresh@^0.4.0
├─ babel-preset-fbjs@3.4.0
│  ├─ @babel/plugin-proposal-class-properties@^7.0.0
│  ├─ @babel/plugin-proposal-object-rest-spread@^7.0.0
│  ├─ @babel/plugin-syntax-class-properties@^7.0.0
│  ├─ @babel/plugin-syntax-flow@^7.0.0
│  ├─ @babel/plugin-syntax-jsx@^7.0.0
│  ├─ @babel/plugin-syntax-object-rest-spread@^7.0.0
│  ├─ @babel/plugin-transform-arrow-functions@^7.0.0
│  ├─ @babel/plugin-transform-block-scoped-functions@^7.0.0
│  ├─ @babel/plugin-transform-block-scoping@^7.0.0
│  ├─ @babel/plugin-transform-classes@^7.0.0
│  ├─ @babel/plugin-transform-computed-properties@^7.0.0
│  ├─ @babel/plugin-transform-destructuring@^7.0.0
│  ├─ @babel/plugin-transform-flow-strip-types@^7.0.0
│  ├─ @babel/plugin-transform-for-of@^7.0.0
│  ├─ @babel/plugin-transform-function-name@^7.0.0
│  ├─ @babel/plugin-transform-literals@^7.0.0
│  ├─ @babel/plugin-transform-member-expression-literals@^7.0.0
│  ├─ @babel/plugin-transform-modules-commonjs@^7.0.0
│  ├─ @babel/plugin-transform-object-super@^7.0.0
│  ├─ @babel/plugin-transform-parameters@^7.0.0
│  ├─ @babel/plugin-transform-property-literals@^7.0.0
│  ├─ @babel/plugin-transform-react-display-name@^7.0.0
│  ├─ @babel/plugin-transform-react-jsx@^7.0.0
│  ├─ @babel/plugin-transform-shorthand-properties@^7.0.0
│  ├─ @babel/plugin-transform-spread@^7.0.0
│  ├─ @babel/plugin-transform-template-literals@^7.0.0
│  └─ babel-plugin-syntax-trailing-function-commas@^7.0.0-beta.0
├─ balanced-match@1.0.2
├─ base@0.11.2
│  ├─ cache-base@^1.0.1
│  ├─ class-utils@^0.3.5
│  ├─ component-emitter@^1.2.1
│  ├─ define-property@^1.0.0
│  ├─ define-property@1.0.0
│  │  └─ is-descriptor@^1.0.0
│  ├─ isobject@^3.0.1
│  ├─ mixin-deep@^1.2.0
│  └─ pascalcase@^0.1.1
├─ base64-js@1.5.1
├─ better-opn@3.0.2
│  └─ open@^8.0.4
├─ big-integer@1.6.51
├─ big.js@5.2.2
├─ bl@4.1.0
│  ├─ buffer@^5.5.0
│  ├─ inherits@^2.0.4
│  └─ readable-stream@^3.4.0
├─ blueimp-md5@2.19.0
├─ body-parser@1.20.2
│  ├─ bytes@3.1.2
│  ├─ content-type@~1.0.5
│  ├─ debug@2.6.9
│  ├─ depd@2.0.0
│  ├─ destroy@1.2.0
│  ├─ http-errors@2.0.0
│  ├─ iconv-lite@0.4.24
│  ├─ on-finished@2.4.1
│  ├─ qs@6.11.0
│  ├─ raw-body@2.5.2
│  ├─ type-is@~1.6.18
│  └─ unpipe@1.0.0
├─ bplist-creator@0.1.0
│  └─ stream-buffers@2.2.x
├─ bplist-parser@0.3.2
│  └─ big-integer@1.6.x
├─ brace-expansion@1.1.11
│  ├─ balanced-match@^1.0.0
│  └─ concat-map@0.0.1
├─ braces@3.0.2
│  └─ fill-range@^7.0.1
├─ browserslist@4.21.10
│  ├─ caniuse-lite@^1.0.30001517
│  ├─ electron-to-chromium@^1.4.477
│  ├─ node-releases@^2.0.13
│  └─ update-browserslist-db@^1.0.11
├─ bser@2.1.1
│  └─ node-int64@^0.4.0
├─ buffer-alloc-unsafe@1.1.0
├─ buffer-alloc@1.2.0
│  ├─ buffer-alloc-unsafe@^1.1.0
│  └─ buffer-fill@^1.0.0
├─ buffer-fill@1.0.0
├─ buffer-from@1.1.2
├─ buffer@5.7.1
│  ├─ base64-js@^1.3.1
│  └─ ieee754@^1.1.13
├─ builtins@1.0.3
├─ bytes@3.1.2
├─ cacache@15.3.0
│  ├─ @npmcli/fs@^1.0.0
│  ├─ @npmcli/move-file@^1.0.1
│  ├─ chownr@^2.0.0
│  ├─ fs-minipass@^2.0.0
│  ├─ glob@^7.1.4
│  ├─ infer-owner@^1.0.4
│  ├─ lru-cache@^6.0.0
│  ├─ minipass-collect@^1.0.2
│  ├─ minipass-flush@^1.0.5
│  ├─ minipass-pipeline@^1.2.2
│  ├─ minipass@^3.1.1
│  ├─ mkdirp@^1.0.3
│  ├─ mkdirp@1.0.4
│  ├─ p-map@^4.0.0
│  ├─ promise-inflight@^1.0.1
│  ├─ rimraf@^3.0.2
│  ├─ ssri@^8.0.1
│  ├─ tar@^6.0.2
│  └─ unique-filename@^1.1.1
├─ cache-base@1.0.1
│  ├─ collection-visit@^1.0.0
│  ├─ component-emitter@^1.2.1
│  ├─ get-value@^2.0.6
│  ├─ has-value@^1.0.0
│  ├─ isobject@^3.0.1
│  ├─ set-value@^2.0.0
│  ├─ to-object-path@^0.3.0
│  ├─ union-value@^1.0.0
│  └─ unset-value@^1.0.0
├─ call-bind@1.0.2
│  ├─ function-bind@^1.1.1
│  └─ get-intrinsic@^1.0.2
├─ caller-callsite@2.0.0
│  └─ callsites@^2.0.0
├─ caller-path@2.0.0
│  └─ caller-callsite@^2.0.0
├─ callsites@2.0.0
├─ camelcase@5.3.1
├─ caniuse-lite@1.0.30001524
├─ chalk@4.1.2
│  ├─ ansi-styles@^4.1.0
│  └─ supports-color@^7.1.0
├─ charenc@0.0.2
├─ chownr@2.0.0
├─ ci-info@3.8.0
├─ class-utils@0.3.6
│  ├─ arr-union@^3.1.0
│  ├─ define-property@^0.2.5
│  ├─ isobject@^3.0.0
│  └─ static-extend@^0.1.1
├─ clean-stack@2.2.0
├─ cli-cursor@3.1.0
│  └─ restore-cursor@^3.1.0
├─ cli-spinners@2.9.0
├─ cliui@8.0.1
│  ├─ string-width@^4.2.0
│  ├─ strip-ansi@^6.0.1
│  └─ wrap-ansi@^7.0.0
├─ clone-deep@4.0.1
│  ├─ is-plain-object@^2.0.4
│  ├─ kind-of@^6.0.2
│  └─ shallow-clone@^3.0.0
├─ clone@1.0.4
├─ collection-visit@1.0.0
│  ├─ map-visit@^1.0.0
│  └─ object-visit@^1.0.0
├─ color-convert@2.0.1
│  └─ color-name@~1.1.4
├─ color-name@1.1.4
├─ color-string@1.9.1
│  ├─ color-name@^1.0.0
│  └─ simple-swizzle@^0.2.2
├─ colorette@1.4.0
├─ combined-stream@1.0.8
│  └─ delayed-stream@~1.0.0
├─ command-exists@1.2.9
├─ commander@5.1.0
├─ commondir@1.0.1
├─ compare-versions@3.6.0
├─ component-emitter@1.3.0
├─ component-type@1.2.1
├─ compressible@2.0.18
│  └─ mime-db@>= 1.43.0 < 2
├─ compression@1.7.4
│  ├─ accepts@~1.3.5
│  ├─ bytes@3.0.0
│  ├─ bytes@3.0.0
│  ├─ compressible@~2.0.16
│  ├─ debug@2.6.9
│  ├─ on-headers@~1.0.2
│  ├─ safe-buffer@5.1.2
│  └─ vary@~1.1.2
├─ concat-map@0.0.1
├─ connect@3.7.0
│  ├─ debug@2.6.9
│  ├─ finalhandler@1.1.2
│  ├─ parseurl@~1.3.3
│  └─ utils-merge@1.0.1
├─ content-type@1.0.5
├─ convert-source-map@1.9.0
├─ copy-descriptor@0.1.1
├─ core-js-compat@3.32.1
│  └─ browserslist@^4.21.10
├─ core-util-is@1.0.3
├─ cosmiconfig@5.2.1
│  ├─ import-fresh@^2.0.0
│  ├─ is-directory@^0.3.1
│  ├─ js-yaml@^3.13.1
│  └─ parse-json@^4.0.0
├─ cross-fetch@3.1.8
│  └─ node-fetch@^2.6.12
├─ cross-spawn@6.0.5
│  ├─ nice-try@^1.0.4
│  ├─ path-key@^2.0.1
│  ├─ semver@^5.5.0
│  ├─ semver@5.7.2
│  ├─ shebang-command@^1.2.0
│  └─ which@^1.2.9
├─ crypt@0.0.2
├─ crypto-random-string@2.0.0
├─ dag-map@1.0.2
├─ dayjs@1.11.9
├─ debug@2.6.9
│  ├─ ms@2.0.0
│  └─ ms@2.0.0
├─ decamelize@1.2.0
├─ decode-uri-component@0.2.2
├─ deep-extend@0.6.0
├─ deepmerge@3.3.0
├─ default-gateway@4.2.0
│  ├─ execa@^1.0.0
│  └─ ip-regex@^2.1.0
├─ defaults@1.0.4
│  └─ clone@^1.0.2
├─ define-lazy-prop@2.0.0
├─ define-property@0.2.5
│  ├─ is-accessor-descriptor@0.1.6
│  │  ├─ kind-of@^3.0.2
│  │  └─ kind-of@3.2.2
│  │     └─ is-buffer@^1.1.5
│  ├─ is-data-descriptor@0.1.4
│  │  ├─ kind-of@^3.0.2
│  │  └─ kind-of@3.2.2
│  │     └─ is-buffer@^1.1.5
│  ├─ is-descriptor@^0.1.0
│  ├─ is-descriptor@0.1.6
│  │  ├─ is-accessor-descriptor@^0.1.6
│  │  ├─ is-data-descriptor@^0.1.4
│  │  └─ kind-of@^5.0.0
│  └─ kind-of@5.1.0
├─ del@6.1.1
│  ├─ globby@^11.0.1
│  ├─ graceful-fs@^4.2.4
│  ├─ is-glob@^4.0.1
│  ├─ is-path-cwd@^2.2.0
│  ├─ is-path-inside@^3.0.2
│  ├─ p-map@^4.0.0
│  ├─ rimraf@^3.0.2
│  └─ slash@^3.0.0
├─ delayed-stream@1.0.0
├─ denodeify@1.2.1
├─ depd@2.0.0
├─ deprecated-react-native-prop-types@3.0.1
│  ├─ @react-native/normalize-color@*
│  ├─ invariant@*
│  └─ prop-types@*
├─ destroy@1.2.0
├─ dir-glob@3.0.1
│  └─ path-type@^4.0.0
├─ ee-first@1.1.1
├─ electron-to-chromium@1.4.503
├─ emoji-regex@8.0.0
├─ emojis-list@3.0.0
├─ encodeurl@1.0.2
├─ end-of-stream@1.4.4
│  └─ once@^1.4.0
├─ env-editor@0.4.2
├─ envinfo@7.10.0
├─ eol@0.9.1
├─ error-ex@1.3.2
│  ├─ is-arrayish@^0.2.1
│  └─ is-arrayish@0.2.1
├─ error-stack-parser@2.1.4
│  └─ stackframe@^1.3.4
├─ errorhandler@1.5.1
│  ├─ accepts@~1.3.7
│  └─ escape-html@~1.0.3
├─ escalade@3.1.1
├─ escape-html@1.0.3
├─ escape-string-regexp@1.0.5
├─ esprima@4.0.1
├─ esutils@2.0.3
├─ etag@1.8.1
├─ event-target-shim@5.0.1
├─ exec-async@2.2.0
├─ execa@1.0.0
│  ├─ cross-spawn@^6.0.0
│  ├─ get-stream@^4.0.0
│  ├─ is-stream@^1.1.0
│  ├─ npm-run-path@^2.0.0
│  ├─ p-finally@^1.0.0
│  ├─ signal-exit@^3.0.0
│  └─ strip-eof@^1.0.0
├─ expand-brackets@2.1.4
│  ├─ debug@^2.3.3
│  ├─ define-property@^0.2.5
│  ├─ extend-shallow@^2.0.1
│  ├─ posix-character-classes@^0.1.0
│  ├─ regex-not@^1.0.0
│  ├─ snapdragon@^0.8.1
│  └─ to-regex@^3.0.1
├─ expo-application@5.1.1
├─ expo-asset@8.9.2
│  ├─ blueimp-md5@^2.10.0
│  ├─ expo-constants@~14.3.0
│  ├─ expo-constants@14.3.0
│  │  ├─ @expo/config@~8.0.0
│  │  └─ uuid@^3.3.2
│  ├─ expo-file-system@~15.3.0
│  ├─ expo-file-system@15.3.0
│  │  └─ uuid@^3.4.0
│  ├─ invariant@^2.2.4
│  ├─ md5-file@^3.2.3
│  ├─ path-browserify@^1.0.0
│  └─ url-parse@^1.5.9
├─ expo-constants@14.2.1
│  ├─ @expo/config@~8.0.0
│  └─ uuid@^3.3.2
├─ expo-doctor@1.1.3
├─ expo-file-system@15.2.2
│  └─ uuid@^3.4.0
├─ expo-font@11.1.1
│  └─ fontfaceobserver@^2.1.0
├─ expo-keep-awake@12.0.1
├─ expo-modules-autolinking@1.2.0
│  ├─ chalk@^4.1.0
│  ├─ commander@^7.2.0
│  ├─ commander@7.2.0
│  ├─ fast-glob@^3.2.5
│  ├─ find-up@^5.0.0
│  └─ fs-extra@^9.1.0
├─ expo-modules-core@1.2.7
│  ├─ compare-versions@^3.4.0
│  └─ invariant@^2.2.4
├─ expo-splash-screen@0.18.2
│  ├─ @expo/configure-splash-screen@^0.6.0
│  └─ @expo/prebuild-config@6.0.1
├─ expo-status-bar@1.4.4
├─ expo@48.0.20
│  ├─ @babel/runtime@^7.20.0
│  ├─ @expo/cli@0.7.3
│  ├─ @expo/config-plugins@6.0.2
│  ├─ @expo/config@8.0.5
│  ├─ @expo/vector-icons@^13.0.0
│  ├─ babel-preset-expo@~9.3.2
│  ├─ cross-spawn@^6.0.5
│  ├─ expo-application@~5.1.1
│  ├─ expo-asset@~8.9.1
│  ├─ expo-constants@~14.2.1
│  ├─ expo-file-system@~15.2.2
│  ├─ expo-font@~11.1.1
│  ├─ expo-keep-awake@~12.0.1
│  ├─ expo-modules-autolinking@1.2.0
│  ├─ expo-modules-core@1.2.7
│  ├─ fbemitter@^3.0.0
│  ├─ getenv@^1.0.0
│  ├─ invariant@^2.2.4
│  ├─ md5-file@^3.2.3
│  ├─ node-fetch@^2.6.7
│  ├─ pretty-format@^26.5.2
│  └─ uuid@^3.4.0
├─ extend-shallow@2.0.1
│  └─ is-extendable@^0.1.0
├─ extglob@2.0.4
│  ├─ array-unique@^0.3.2
│  ├─ define-property@^1.0.0
│  ├─ define-property@1.0.0
│  │  └─ is-descriptor@^1.0.0
│  ├─ expand-brackets@^2.1.4
│  ├─ extend-shallow@^2.0.1
│  ├─ fragment-cache@^0.2.1
│  ├─ regex-not@^1.0.0
│  ├─ snapdragon@^0.8.1
│  └─ to-regex@^3.0.1
├─ fast-deep-equal@3.1.3
├─ fast-glob@3.3.1
│  ├─ @nodelib/fs.stat@^2.0.2
│  ├─ @nodelib/fs.walk@^1.2.3
│  ├─ glob-parent@^5.1.2
│  ├─ merge2@^1.3.0
│  └─ micromatch@^4.0.4
├─ fast-json-stable-stringify@2.1.0
├─ fast-xml-parser@4.2.7
│  └─ strnum@^1.0.5
├─ fastq@1.15.0
│  └─ reusify@^1.0.4
├─ fb-watchman@2.0.2
│  └─ bser@2.1.1
├─ fbemitter@3.0.0
│  └─ fbjs@^3.0.0
├─ fbjs-css-vars@1.0.2
├─ fbjs@3.0.5
│  ├─ cross-fetch@^3.1.5
│  ├─ fbjs-css-vars@^1.0.0
│  ├─ loose-envify@^1.0.0
│  ├─ object-assign@^4.1.0
│  ├─ promise@^7.1.1
│  ├─ promise@7.3.1
│  │  └─ asap@~2.0.3
│  ├─ setimmediate@^1.0.5
│  └─ ua-parser-js@^1.0.35
├─ fetch-retry@4.1.1
├─ fill-range@7.0.1
│  └─ to-regex-range@^5.0.1
├─ finalhandler@1.1.2
│  ├─ debug@2.6.9
│  ├─ encodeurl@~1.0.2
│  ├─ escape-html@~1.0.3
│  ├─ on-finished@~2.3.0
│  ├─ on-finished@2.3.0
│  │  └─ ee-first@1.1.1
│  ├─ parseurl@~1.3.3
│  ├─ statuses@~1.5.0
│  ├─ statuses@1.5.0
│  └─ unpipe@~1.0.0
├─ find-babel-config@1.2.0
│  ├─ json5@^0.5.1
│  ├─ json5@0.5.1
│  └─ path-exists@^3.0.0
├─ find-cache-dir@3.3.2
│  ├─ commondir@^1.0.1
│  ├─ make-dir@^3.0.2
│  ├─ make-dir@3.1.0
│  │  └─ semver@^6.0.0
│  └─ pkg-dir@^4.1.0
├─ find-up@5.0.0
│  ├─ locate-path@^6.0.0
│  ├─ path-exists@^4.0.0
│  └─ path-exists@4.0.0
├─ find-yarn-workspace-root@2.0.0
│  └─ micromatch@^4.0.2
├─ flow-parser@0.185.2
├─ fontfaceobserver@2.3.0
├─ for-in@1.0.2
├─ form-data@3.0.1
│  ├─ asynckit@^0.4.0
│  ├─ combined-stream@^1.0.8
│  └─ mime-types@^2.1.12
├─ fragment-cache@0.2.1
│  └─ map-cache@^0.2.2
├─ freeport-async@2.0.0
├─ fresh@0.5.2
├─ fs-extra@9.1.0
│  ├─ at-least-node@^1.0.0
│  ├─ graceful-fs@^4.2.0
│  ├─ jsonfile@^6.0.1
│  └─ universalify@^2.0.0
├─ fs-minipass@2.1.0
│  └─ minipass@^3.0.0
├─ fs.realpath@1.0.0
├─ fsevents@2.3.3
├─ function-bind@1.1.1
├─ gensync@1.0.0-beta.2
├─ get-caller-file@2.0.5
├─ get-intrinsic@1.2.1
│  ├─ function-bind@^1.1.1
│  ├─ has-proto@^1.0.1
│  ├─ has-symbols@^1.0.3
│  └─ has@^1.0.3
├─ get-port@3.2.0
├─ get-stream@4.1.0
│  └─ pump@^3.0.0
├─ get-value@2.0.6
├─ getenv@1.0.0
├─ glob-parent@5.1.2
│  └─ is-glob@^4.0.1
├─ glob@7.2.3
│  ├─ fs.realpath@^1.0.0
│  ├─ inflight@^1.0.4
│  ├─ inherits@2
│  ├─ minimatch@^3.1.1
│  ├─ once@^1.3.0
│  └─ path-is-absolute@^1.0.0
├─ globals@11.12.0
├─ globby@11.1.0
│  ├─ array-union@^2.1.0
│  ├─ dir-glob@^3.0.1
│  ├─ fast-glob@^3.2.9
│  ├─ ignore@^5.2.0
│  ├─ merge2@^1.4.1
│  └─ slash@^3.0.0
├─ graceful-fs@4.2.11
├─ graphql-tag@2.12.6
│  └─ tslib@^2.1.0
├─ graphql@15.8.0
├─ has-flag@4.0.0
├─ has-proto@1.0.1
├─ has-symbols@1.0.3
├─ has-value@1.0.0
│  ├─ get-value@^2.0.6
│  ├─ has-values@^1.0.0
│  └─ isobject@^3.0.0
├─ has-values@1.0.0
│  ├─ is-number@^3.0.0
│  ├─ kind-of@^4.0.0
│  └─ kind-of@4.0.0
│     └─ is-buffer@^1.1.5
├─ has@1.0.3
│  └─ function-bind@^1.1.1
├─ hermes-estree@0.8.0
├─ hermes-parser@0.8.0
│  └─ hermes-estree@0.8.0
├─ hermes-profile-transformer@0.0.6
│  ├─ source-map@^0.7.3
│  └─ source-map@0.7.4
├─ hosted-git-info@3.0.8
│  └─ lru-cache@^6.0.0
├─ http-errors@2.0.0
│  ├─ depd@2.0.0
│  ├─ inherits@2.0.4
│  ├─ setprototypeof@1.2.0
│  ├─ statuses@2.0.1
│  └─ toidentifier@1.0.1
├─ https-proxy-agent@5.0.1
│  ├─ agent-base@6
│  ├─ debug@4
│  ├─ debug@4.3.4
│  │  └─ ms@2.1.2
│  └─ ms@2.1.2
├─ iconv-lite@0.4.24
│  └─ safer-buffer@>= 2.1.2 < 3
├─ ieee754@1.2.1
├─ ignore@5.2.4
├─ image-size@0.6.3
├─ import-fresh@2.0.0
│  ├─ caller-path@^2.0.0
│  ├─ resolve-from@^3.0.0
│  └─ resolve-from@3.0.0
├─ imurmurhash@0.1.4
├─ indent-string@4.0.0
├─ infer-owner@1.0.4
├─ inflight@1.0.6
│  ├─ once@^1.3.0
│  └─ wrappy@1
├─ inherits@2.0.4
├─ ini@1.3.8
├─ internal-ip@4.3.0
│  ├─ default-gateway@^4.2.0
│  └─ ipaddr.js@^1.9.0
├─ invariant@2.2.4
│  └─ loose-envify@^1.0.0
├─ ip-regex@2.1.0
├─ ip@1.1.8
├─ ipaddr.js@1.9.1
├─ is-accessor-descriptor@1.0.0
│  └─ kind-of@^6.0.0
├─ is-arrayish@0.3.2
├─ is-buffer@1.1.6
├─ is-core-module@2.13.0
│  └─ has@^1.0.3
├─ is-data-descriptor@1.0.0
│  └─ kind-of@^6.0.0
├─ is-descriptor@1.0.2
│  ├─ is-accessor-descriptor@^1.0.0
│  ├─ is-data-descriptor@^1.0.0
│  └─ kind-of@^6.0.2
├─ is-directory@0.3.1
├─ is-docker@2.2.1
├─ is-extendable@0.1.1
├─ is-extglob@2.1.1
├─ is-fullwidth-code-point@3.0.0
├─ is-glob@4.0.3
│  └─ is-extglob@^2.1.1
├─ is-interactive@1.0.0
├─ is-invalid-path@0.1.0
│  ├─ is-extglob@1.0.0
│  ├─ is-glob@^2.0.0
│  └─ is-glob@2.0.1
│     └─ is-extglob@^1.0.0
├─ is-number@3.0.0
│  ├─ kind-of@^3.0.2
│  └─ kind-of@3.2.2
│     └─ is-buffer@^1.1.5
├─ is-path-cwd@2.2.0
├─ is-path-inside@3.0.3
├─ is-plain-object@2.0.4
│  └─ isobject@^3.0.1
├─ is-root@2.1.0
├─ is-stream@1.1.0
├─ is-unicode-supported@0.1.0
├─ is-valid-path@0.1.1
│  └─ is-invalid-path@^0.1.0
├─ is-windows@1.0.2
├─ is-wsl@2.2.0
│  └─ is-docker@^2.0.0
├─ isarray@1.0.0
├─ isexe@2.0.0
├─ isobject@3.0.1
├─ jest-environment-node@29.6.4
│  ├─ @jest/environment@^29.6.4
│  ├─ @jest/fake-timers@^29.6.4
│  ├─ @jest/types@^29.6.3
│  ├─ @types/node@*
│  ├─ jest-mock@^29.6.3
│  └─ jest-util@^29.6.3
├─ jest-get-type@26.3.0
├─ jest-message-util@29.6.3
│  ├─ @babel/code-frame@^7.12.13
│  ├─ @jest/types@^29.6.3
│  ├─ @types/stack-utils@^2.0.0
│  ├─ ansi-styles@5.2.0
│  ├─ chalk@^4.0.0
│  ├─ graceful-fs@^4.2.9
│  ├─ micromatch@^4.0.4
│  ├─ pretty-format@^29.6.3
│  ├─ pretty-format@29.6.3
│  │  ├─ @jest/schemas@^29.6.3
│  │  ├─ ansi-styles@^5.0.0
│  │  └─ react-is@^18.0.0
│  ├─ slash@^3.0.0
│  └─ stack-utils@^2.0.3
├─ jest-mock@29.6.3
│  ├─ @jest/types@^29.6.3
│  ├─ @types/node@*
│  └─ jest-util@^29.6.3
├─ jest-regex-util@27.5.1
├─ jest-serializer@27.5.1
│  ├─ @types/node@*
│  └─ graceful-fs@^4.2.9
├─ jest-util@29.6.3
│  ├─ @jest/types@^29.6.3
│  ├─ @types/node@*
│  ├─ chalk@^4.0.0
│  ├─ ci-info@^3.2.0
│  ├─ graceful-fs@^4.2.9
│  └─ picomatch@^2.2.3
├─ jest-validate@26.6.2
│  ├─ @jest/types@^26.6.2
│  ├─ @jest/types@26.6.2
│  │  ├─ @types/istanbul-lib-coverage@^2.0.0
│  │  ├─ @types/istanbul-reports@^3.0.0
│  │  ├─ @types/node@*
│  │  ├─ @types/yargs@^15.0.0
│  │  └─ chalk@^4.0.0
│  ├─ @types/yargs@15.0.15
│  │  └─ @types/yargs-parser@*
│  ├─ camelcase@^6.0.0
│  ├─ camelcase@6.3.0
│  ├─ chalk@^4.0.0
│  ├─ jest-get-type@^26.3.0
│  ├─ leven@^3.1.0
│  └─ pretty-format@^26.6.2
├─ jest-worker@27.5.1
│  ├─ @types/node@*
│  ├─ merge-stream@^2.0.0
│  ├─ supports-color@^8.0.0
│  └─ supports-color@8.1.1
│     └─ has-flag@^4.0.0
├─ jimp-compact@0.16.1
├─ joi@17.10.0
│  ├─ @hapi/hoek@^9.0.0
│  ├─ @hapi/topo@^5.0.0
│  ├─ @sideway/address@^4.1.3
│  ├─ @sideway/formula@^3.0.1
│  └─ @sideway/pinpoint@^2.0.0
├─ join-component@1.1.0
├─ js-tokens@4.0.0
├─ js-yaml@3.14.1
│  ├─ argparse@^1.0.7
│  └─ esprima@^4.0.0
├─ jsc-android@250231.0.0
├─ jsc-safe-url@0.2.4
├─ jscodeshift@0.13.1
│  ├─ @babel/core@^7.13.16
│  ├─ @babel/parser@^7.13.16
│  ├─ @babel/plugin-proposal-class-properties@^7.13.0
│  ├─ @babel/plugin-proposal-nullish-coalescing-operator@^7.13.8
│  ├─ @babel/plugin-proposal-optional-chaining@^7.13.12
│  ├─ @babel/plugin-transform-modules-commonjs@^7.13.8
│  ├─ @babel/preset-flow@^7.13.13
│  ├─ @babel/preset-typescript@^7.13.0
│  ├─ @babel/register@^7.13.16
│  ├─ babel-core@^7.0.0-bridge.0
│  ├─ braces@2.3.2
│  │  ├─ arr-flatten@^1.1.0
│  │  ├─ array-unique@^0.3.2
│  │  ├─ extend-shallow@^2.0.1
│  │  ├─ extend-shallow@2.0.1
│  │  │  └─ is-extendable@^0.1.0
│  │  ├─ fill-range@^4.0.0
│  │  ├─ is-extendable@0.1.1
│  │  ├─ isobject@^3.0.1
│  │  ├─ repeat-element@^1.1.2
│  │  ├─ snapdragon-node@^2.0.1
│  │  ├─ snapdragon@^0.8.1
│  │  ├─ split-string@^3.0.2
│  │  └─ to-regex@^3.0.1
│  ├─ chalk@^4.1.2
│  ├─ define-property@2.0.2
│  │  ├─ is-descriptor@^1.0.2
│  │  └─ isobject@^3.0.1
│  ├─ extend-shallow@3.0.2
│  │  ├─ assign-symbols@^1.0.0
│  │  └─ is-extendable@^1.0.1
│  ├─ fill-range@4.0.0
│  │  ├─ extend-shallow@^2.0.1
│  │  ├─ extend-shallow@2.0.1
│  │  │  └─ is-extendable@^0.1.0
│  │  ├─ is-extendable@0.1.1
│  │  ├─ is-number@^3.0.0
│  │  ├─ repeat-string@^1.6.1
│  │  └─ to-regex-range@^2.1.0
│  ├─ flow-parser@0.*
│  ├─ flow-parser@0.215.1
│  ├─ graceful-fs@^4.2.4
│  ├─ is-extendable@1.0.1
│  │  └─ is-plain-object@^2.0.4
│  ├─ micromatch@^3.1.10
│  ├─ micromatch@3.1.10
│  │  ├─ arr-diff@^4.0.0
│  │  ├─ array-unique@^0.3.2
│  │  ├─ braces@^2.3.1
│  │  ├─ define-property@^2.0.2
│  │  ├─ extend-shallow@^3.0.2
│  │  ├─ extglob@^2.0.4
│  │  ├─ fragment-cache@^0.2.1
│  │  ├─ kind-of@^6.0.2
│  │  ├─ nanomatch@^1.2.9
│  │  ├─ object.pick@^1.3.0
│  │  ├─ regex-not@^1.0.0
│  │  ├─ snapdragon@^0.8.1
│  │  └─ to-regex@^3.0.2
│  ├─ neo-async@^2.5.0
│  ├─ node-dir@^0.1.17
│  ├─ recast@^0.20.4
│  ├─ temp@^0.8.4
│  ├─ to-regex-range@2.1.1
│  │  ├─ is-number@^3.0.0
│  │  └─ repeat-string@^1.6.1
│  └─ write-file-atomic@^2.3.0
├─ jsesc@2.5.2
├─ json-parse-better-errors@1.0.2
├─ json-schema-deref-sync@0.13.0
│  ├─ clone@^2.1.2
│  ├─ clone@2.1.2
│  ├─ dag-map@~1.0.0
│  ├─ is-valid-path@^0.1.1
│  ├─ lodash@^4.17.13
│  ├─ md5@~2.2.0
│  ├─ md5@2.2.1
│  │  ├─ charenc@~0.0.1
│  │  ├─ crypt@~0.0.1
│  │  └─ is-buffer@~1.1.1
│  ├─ memory-cache@~0.2.0
│  ├─ traverse@~0.6.6
│  └─ valid-url@~1.0.9
├─ json-schema-traverse@0.4.1
├─ json5@2.2.3
├─ jsonfile@6.1.0
│  ├─ graceful-fs@^4.1.6
│  └─ universalify@^2.0.0
├─ kind-of@6.0.3
├─ kleur@3.0.3
├─ leven@3.1.0
├─ lines-and-columns@1.2.4
├─ loader-utils@2.0.4
│  ├─ big.js@^5.2.2
│  ├─ emojis-list@^3.0.0
│  └─ json5@^2.1.2
├─ locate-path@6.0.0
│  └─ p-locate@^5.0.0
├─ lodash.debounce@4.0.8
├─ lodash.throttle@4.1.1
├─ lodash@4.17.21
├─ log-symbols@4.1.0
│  ├─ chalk@^4.1.0
│  └─ is-unicode-supported@^0.1.0
├─ logkitty@0.7.1
│  ├─ ansi-fragments@^0.2.1
│  ├─ cliui@6.0.0
│  │  ├─ string-width@^4.2.0
│  │  ├─ strip-ansi@^6.0.0
│  │  └─ wrap-ansi@^6.2.0
│  ├─ dayjs@^1.8.15
│  ├─ find-up@4.1.0
│  │  ├─ locate-path@^5.0.0
│  │  └─ path-exists@^4.0.0
│  ├─ locate-path@5.0.0
│  │  └─ p-locate@^4.1.0
│  ├─ p-locate@4.1.0
│  │  └─ p-limit@^2.2.0
│  ├─ path-exists@4.0.0
│  ├─ wrap-ansi@6.2.0
│  │  ├─ ansi-styles@^4.0.0
│  │  ├─ string-width@^4.1.0
│  │  └─ strip-ansi@^6.0.0
│  ├─ y18n@4.0.3
│  ├─ yargs-parser@18.1.3
│  │  ├─ camelcase@^5.0.0
│  │  └─ decamelize@^1.2.0
│  ├─ yargs@^15.1.0
│  └─ yargs@15.4.1
│     ├─ cliui@^6.0.0
│     ├─ decamelize@^1.2.0
│     ├─ find-up@^4.1.0
│     ├─ get-caller-file@^2.0.1
│     ├─ require-directory@^2.1.1
│     ├─ require-main-filename@^2.0.0
│     ├─ set-blocking@^2.0.0
│     ├─ string-width@^4.2.0
│     ├─ which-module@^2.0.0
│     ├─ y18n@^4.0.0
│     └─ yargs-parser@^18.1.2
├─ loose-envify@1.4.0
│  └─ js-tokens@^3.0.0 || ^4.0.0
├─ lru-cache@6.0.0
│  └─ yallist@^4.0.0
├─ make-dir@2.1.0
│  ├─ pify@^4.0.1
│  ├─ semver@^5.6.0
│  └─ semver@5.7.2
├─ makeerror@1.0.12
│  └─ tmpl@1.0.5
├─ map-cache@0.2.2
├─ map-visit@1.0.0
│  └─ object-visit@^1.0.0
├─ md5-file@3.2.3
│  └─ buffer-alloc@^1.1.0
├─ md5@2.3.0
│  ├─ charenc@0.0.2
│  ├─ crypt@0.0.2
│  └─ is-buffer@~1.1.6
├─ md5hex@1.0.0
├─ media-typer@0.3.0
├─ memoize-one@5.2.1
├─ memory-cache@0.2.0
├─ merge-stream@2.0.0
├─ merge2@1.4.1
├─ metro-babel-transformer@0.73.10
│  ├─ @babel/core@^7.20.0
│  ├─ hermes-parser@0.8.0
│  ├─ metro-source-map@0.73.10
│  └─ nullthrows@^1.1.1
├─ metro-cache-key@0.73.10
├─ metro-cache@0.73.10
│  ├─ metro-core@0.73.10
│  └─ rimraf@^3.0.2
├─ metro-config@0.73.10
│  ├─ cosmiconfig@^5.0.5
│  ├─ jest-validate@^26.5.2
│  ├─ metro-cache@0.73.10
│  ├─ metro-core@0.73.10
│  ├─ metro-runtime@0.73.10
│  └─ metro@0.73.10
├─ metro-core@0.73.10
│  ├─ lodash.throttle@^4.1.1
│  └─ metro-resolver@0.73.10
├─ metro-file-map@0.73.10
│  ├─ @jest/types@27.5.1
│  │  ├─ @types/istanbul-lib-coverage@^2.0.0
│  │  ├─ @types/istanbul-reports@^3.0.0
│  │  ├─ @types/node@*
│  │  ├─ @types/yargs@^16.0.0
│  │  └─ chalk@^4.0.0
│  ├─ @types/yargs@16.0.5
│  │  └─ @types/yargs-parser@*
│  ├─ abort-controller@^3.0.0
│  ├─ anymatch@^3.0.3
│  ├─ debug@^2.2.0
│  ├─ fb-watchman@^2.0.0
│  ├─ fsevents@^2.3.2
│  ├─ graceful-fs@^4.2.4
│  ├─ invariant@^2.2.4
│  ├─ jest-regex-util@^27.0.6
│  ├─ jest-serializer@^27.0.6
│  ├─ jest-util@^27.2.0
│  ├─ jest-util@27.5.1
│  │  ├─ @jest/types@^27.5.1
│  │  ├─ @types/node@*
│  │  ├─ chalk@^4.0.0
│  │  ├─ ci-info@^3.2.0
│  │  ├─ graceful-fs@^4.2.9
│  │  └─ picomatch@^2.2.3
│  ├─ jest-worker@^27.2.0
│  ├─ micromatch@^4.0.4
│  ├─ nullthrows@^1.1.1
│  └─ walker@^1.0.7
├─ metro-hermes-compiler@0.73.10
├─ metro-inspector-proxy@0.73.10
│  ├─ connect@^3.6.5
│  ├─ debug@^2.2.0
│  ├─ ws@^7.5.1
│  └─ yargs@^17.5.1
├─ metro-minify-terser@0.73.10
│  └─ terser@^5.15.0
├─ metro-minify-uglify@0.73.10
│  └─ uglify-es@^3.1.9
├─ metro-react-native-babel-preset@0.73.10
│  ├─ @babel/core@^7.20.0
│  ├─ @babel/plugin-proposal-async-generator-functions@^7.0.0
│  ├─ @babel/plugin-proposal-class-properties@^7.0.0
│  ├─ @babel/plugin-proposal-export-default-from@^7.0.0
│  ├─ @babel/plugin-proposal-nullish-coalescing-operator@^7.0.0
│  ├─ @babel/plugin-proposal-object-rest-spread@^7.0.0
│  ├─ @babel/plugin-proposal-optional-catch-binding@^7.0.0
│  ├─ @babel/plugin-proposal-optional-chaining@^7.0.0
│  ├─ @babel/plugin-syntax-dynamic-import@^7.0.0
│  ├─ @babel/plugin-syntax-export-default-from@^7.0.0
│  ├─ @babel/plugin-syntax-flow@^7.18.0
│  ├─ @babel/plugin-syntax-nullish-coalescing-operator@^7.0.0
│  ├─ @babel/plugin-syntax-optional-chaining@^7.0.0
│  ├─ @babel/plugin-transform-arrow-functions@^7.0.0
│  ├─ @babel/plugin-transform-async-to-generator@^7.0.0
│  ├─ @babel/plugin-transform-block-scoping@^7.0.0
│  ├─ @babel/plugin-transform-classes@^7.0.0
│  ├─ @babel/plugin-transform-computed-properties@^7.0.0
│  ├─ @babel/plugin-transform-destructuring@^7.0.0
│  ├─ @babel/plugin-transform-flow-strip-types@^7.0.0
│  ├─ @babel/plugin-transform-function-name@^7.0.0
│  ├─ @babel/plugin-transform-literals@^7.0.0
│  ├─ @babel/plugin-transform-modules-commonjs@^7.0.0
│  ├─ @babel/plugin-transform-named-capturing-groups-regex@^7.0.0
│  ├─ @babel/plugin-transform-parameters@^7.0.0
│  ├─ @babel/plugin-transform-react-display-name@^7.0.0
│  ├─ @babel/plugin-transform-react-jsx-self@^7.0.0
│  ├─ @babel/plugin-transform-react-jsx-source@^7.0.0
│  ├─ @babel/plugin-transform-react-jsx@^7.0.0
│  ├─ @babel/plugin-transform-runtime@^7.0.0
│  ├─ @babel/plugin-transform-shorthand-properties@^7.0.0
│  ├─ @babel/plugin-transform-spread@^7.0.0
│  ├─ @babel/plugin-transform-sticky-regex@^7.0.0
│  ├─ @babel/plugin-transform-template-literals@^7.0.0
│  ├─ @babel/plugin-transform-typescript@^7.5.0
│  ├─ @babel/plugin-transform-unicode-regex@^7.0.0
│  ├─ @babel/template@^7.0.0
│  └─ react-refresh@^0.4.0
├─ metro-react-native-babel-transformer@0.73.9
│  ├─ @babel/core@^7.20.0
│  ├─ babel-preset-fbjs@^3.4.0
│  ├─ hermes-parser@0.8.0
│  ├─ metro-babel-transformer@0.73.9
│  ├─ metro-babel-transformer@0.73.9
│  │  ├─ @babel/core@^7.20.0
│  │  ├─ hermes-parser@0.8.0
│  │  ├─ metro-source-map@0.73.9
│  │  └─ nullthrows@^1.1.1
│  ├─ metro-react-native-babel-preset@0.73.9
│  ├─ metro-react-native-babel-preset@0.73.9
│  │  ├─ @babel/core@^7.20.0
│  │  ├─ @babel/plugin-proposal-async-generator-functions@^7.0.0
│  │  ├─ @babel/plugin-proposal-class-properties@^7.0.0
│  │  ├─ @babel/plugin-proposal-export-default-from@^7.0.0
│  │  ├─ @babel/plugin-proposal-nullish-coalescing-operator@^7.0.0
│  │  ├─ @babel/plugin-proposal-object-rest-spread@^7.0.0
│  │  ├─ @babel/plugin-proposal-optional-catch-binding@^7.0.0
│  │  ├─ @babel/plugin-proposal-optional-chaining@^7.0.0
│  │  ├─ @babel/plugin-syntax-dynamic-import@^7.0.0
│  │  ├─ @babel/plugin-syntax-export-default-from@^7.0.0
│  │  ├─ @babel/plugin-syntax-flow@^7.18.0
│  │  ├─ @babel/plugin-syntax-nullish-coalescing-operator@^7.0.0
│  │  ├─ @babel/plugin-syntax-optional-chaining@^7.0.0
│  │  ├─ @babel/plugin-transform-arrow-functions@^7.0.0
│  │  ├─ @babel/plugin-transform-async-to-generator@^7.0.0
│  │  ├─ @babel/plugin-transform-block-scoping@^7.0.0
│  │  ├─ @babel/plugin-transform-classes@^7.0.0
│  │  ├─ @babel/plugin-transform-computed-properties@^7.0.0
│  │  ├─ @babel/plugin-transform-destructuring@^7.0.0
│  │  ├─ @babel/plugin-transform-flow-strip-types@^7.0.0
│  │  ├─ @babel/plugin-transform-function-name@^7.0.0
│  │  ├─ @babel/plugin-transform-literals@^7.0.0
│  │  ├─ @babel/plugin-transform-modules-commonjs@^7.0.0
│  │  ├─ @babel/plugin-transform-named-capturing-groups-regex@^7.0.0
│  │  ├─ @babel/plugin-transform-parameters@^7.0.0
│  │  ├─ @babel/plugin-transform-react-display-name@^7.0.0
│  │  ├─ @babel/plugin-transform-react-jsx-self@^7.0.0
│  │  ├─ @babel/plugin-transform-react-jsx-source@^7.0.0
│  │  ├─ @babel/plugin-transform-react-jsx@^7.0.0
│  │  ├─ @babel/plugin-transform-runtime@^7.0.0
│  │  ├─ @babel/plugin-transform-shorthand-properties@^7.0.0
│  │  ├─ @babel/plugin-transform-spread@^7.0.0
│  │  ├─ @babel/plugin-transform-sticky-regex@^7.0.0
│  │  ├─ @babel/plugin-transform-template-literals@^7.0.0
│  │  ├─ @babel/plugin-transform-typescript@^7.5.0
│  │  ├─ @babel/plugin-transform-unicode-regex@^7.0.0
│  │  ├─ @babel/template@^7.0.0
│  │  └─ react-refresh@^0.4.0
│  ├─ metro-source-map@0.73.9
│  ├─ metro-source-map@0.73.9
│  │  ├─ @babel/traverse@^7.20.0
│  │  ├─ @babel/types@^7.20.0
│  │  ├─ invariant@^2.2.4
│  │  ├─ metro-symbolicate@0.73.9
│  │  ├─ nullthrows@^1.1.1
│  │  ├─ ob1@0.73.9
│  │  ├─ source-map@^0.5.6
│  │  └─ vlq@^1.0.0
│  ├─ metro-symbolicate@0.73.9
│  │  ├─ invariant@^2.2.4
│  │  ├─ metro-source-map@0.73.9
│  │  ├─ nullthrows@^1.1.1
│  │  ├─ source-map@^0.5.6
│  │  ├─ through2@^2.0.1
│  │  └─ vlq@^1.0.0
│  ├─ nullthrows@^1.1.1
│  └─ ob1@0.73.9
├─ metro-resolver@0.73.10
│  └─ absolute-path@^0.0.0
├─ metro-runtime@0.73.10
│  ├─ @babel/runtime@^7.0.0
│  └─ react-refresh@^0.4.0
├─ metro-source-map@0.73.10
│  ├─ @babel/traverse@^7.20.0
│  ├─ @babel/types@^7.20.0
│  ├─ invariant@^2.2.4
│  ├─ metro-symbolicate@0.73.10
│  ├─ nullthrows@^1.1.1
│  ├─ ob1@0.73.10
│  ├─ source-map@^0.5.6
│  └─ vlq@^1.0.0
├─ metro-symbolicate@0.73.10
│  ├─ invariant@^2.2.4
│  ├─ metro-source-map@0.73.10
│  ├─ nullthrows@^1.1.1
│  ├─ source-map@^0.5.6
│  ├─ through2@^2.0.1
│  └─ vlq@^1.0.0
├─ metro-transform-plugins@0.73.10
│  ├─ @babel/core@^7.20.0
│  ├─ @babel/generator@^7.20.0
│  ├─ @babel/template@^7.0.0
│  ├─ @babel/traverse@^7.20.0
│  └─ nullthrows@^1.1.1
├─ metro-transform-worker@0.73.10
│  ├─ @babel/core@^7.20.0
│  ├─ @babel/generator@^7.20.0
│  ├─ @babel/parser@^7.20.0
│  ├─ @babel/types@^7.20.0
│  ├─ babel-preset-fbjs@^3.4.0
│  ├─ metro-babel-transformer@0.73.10
│  ├─ metro-cache-key@0.73.10
│  ├─ metro-cache@0.73.10
│  ├─ metro-hermes-compiler@0.73.10
│  ├─ metro-source-map@0.73.10
│  ├─ metro-transform-plugins@0.73.10
│  ├─ metro@0.73.10
│  └─ nullthrows@^1.1.1
├─ metro@0.73.10
│  ├─ @babel/code-frame@^7.0.0
│  ├─ @babel/core@^7.20.0
│  ├─ @babel/generator@^7.20.0
│  ├─ @babel/parser@^7.20.0
│  ├─ @babel/template@^7.0.0
│  ├─ @babel/traverse@^7.20.0
│  ├─ @babel/types@^7.20.0
│  ├─ absolute-path@^0.0.0
│  ├─ accepts@^1.3.7
│  ├─ async@^3.2.2
│  ├─ chalk@^4.0.0
│  ├─ ci-info@^2.0.0
│  ├─ ci-info@2.0.0
│  ├─ connect@^3.6.5
│  ├─ debug@^2.2.0
│  ├─ denodeify@^1.2.1
│  ├─ error-stack-parser@^2.0.6
│  ├─ graceful-fs@^4.2.4
│  ├─ hermes-parser@0.8.0
│  ├─ image-size@^0.6.0
│  ├─ invariant@^2.2.4
│  ├─ jest-worker@^27.2.0
│  ├─ jsc-safe-url@^0.2.2
│  ├─ lodash.throttle@^4.1.1
│  ├─ metro-babel-transformer@0.73.10
│  ├─ metro-cache-key@0.73.10
│  ├─ metro-cache@0.73.10
│  ├─ metro-config@0.73.10
│  ├─ metro-core@0.73.10
│  ├─ metro-file-map@0.73.10
│  ├─ metro-hermes-compiler@0.73.10
│  ├─ metro-inspector-proxy@0.73.10
│  ├─ metro-minify-terser@0.73.10
│  ├─ metro-minify-uglify@0.73.10
│  ├─ metro-react-native-babel-preset@0.73.10
│  ├─ metro-resolver@0.73.10
│  ├─ metro-runtime@0.73.10
│  ├─ metro-source-map@0.73.10
│  ├─ metro-symbolicate@0.73.10
│  ├─ metro-transform-plugins@0.73.10
│  ├─ metro-transform-worker@0.73.10
│  ├─ mime-types@^2.1.27
│  ├─ node-fetch@^2.2.0
│  ├─ nullthrows@^1.1.1
│  ├─ rimraf@^3.0.2
│  ├─ serialize-error@^2.1.0
│  ├─ serialize-error@2.1.0
│  ├─ source-map@^0.5.6
│  ├─ strip-ansi@^6.0.0
│  ├─ temp@0.8.3
│  ├─ temp@0.8.3
│  │  ├─ os-tmpdir@^1.0.0
│  │  ├─ rimraf@~2.2.6
│  │  └─ rimraf@2.2.8
│  ├─ throat@^5.0.0
│  ├─ ws@^7.5.1
│  └─ yargs@^17.5.1
├─ micromatch@4.0.5
│  ├─ braces@^3.0.2
│  └─ picomatch@^2.3.1
├─ mime-db@1.52.0
├─ mime-types@2.1.35
│  └─ mime-db@1.52.0
├─ mime@2.6.0
├─ mimic-fn@2.1.0
├─ minimatch@3.1.2
│  └─ brace-expansion@^1.1.7
├─ minimist@1.2.8
├─ minipass-collect@1.0.2
│  └─ minipass@^3.0.0
├─ minipass-flush@1.0.5
│  └─ minipass@^3.0.0
├─ minipass-pipeline@1.2.4
│  └─ minipass@^3.0.0
├─ minipass@3.3.6
│  └─ yallist@^4.0.0
├─ minizlib@2.1.2
│  ├─ minipass@^3.0.0
│  └─ yallist@^4.0.0
├─ mixin-deep@1.3.2
│  ├─ for-in@^1.0.2
│  ├─ is-extendable@^1.0.1
│  └─ is-extendable@1.0.1
│     └─ is-plain-object@^2.0.4
├─ mkdirp@0.5.6
│  └─ minimist@^1.2.6
├─ ms@2.1.3
├─ mv@2.1.1
│  ├─ glob@6.0.4
│  │  ├─ inflight@^1.0.4
│  │  ├─ inherits@2
│  │  ├─ minimatch@2 || 3
│  │  ├─ once@^1.3.0
│  │  └─ path-is-absolute@^1.0.0
│  ├─ mkdirp@~0.5.1
│  ├─ ncp@~2.0.0
│  ├─ rimraf@~2.4.0
│  └─ rimraf@2.4.5
│     └─ glob@^6.0.1
├─ mz@2.7.0
│  ├─ any-promise@^1.0.0
│  ├─ object-assign@^4.0.1
│  └─ thenify-all@^1.0.0
├─ nanomatch@1.2.13
│  ├─ arr-diff@^4.0.0
│  ├─ array-unique@^0.3.2
│  ├─ define-property@^2.0.2
│  ├─ define-property@2.0.2
│  │  ├─ is-descriptor@^1.0.2
│  │  └─ isobject@^3.0.1
│  ├─ extend-shallow@^3.0.2
│  ├─ extend-shallow@3.0.2
│  │  ├─ assign-symbols@^1.0.0
│  │  └─ is-extendable@^1.0.1
│  ├─ fragment-cache@^0.2.1
│  ├─ is-extendable@1.0.1
│  │  └─ is-plain-object@^2.0.4
│  ├─ is-windows@^1.0.2
│  ├─ kind-of@^6.0.2
│  ├─ object.pick@^1.3.0
│  ├─ regex-not@^1.0.0
│  ├─ snapdragon@^0.8.1
│  └─ to-regex@^3.0.1
├─ ncp@2.0.0
├─ negotiator@0.6.3
├─ neo-async@2.6.2
├─ nested-error-stacks@2.0.1
├─ nice-try@1.0.5
├─ nocache@3.0.4
├─ node-dir@0.1.17
│  └─ minimatch@^3.0.2
├─ node-fetch@2.7.0
│  └─ whatwg-url@^5.0.0
├─ node-forge@1.3.1
├─ node-int64@0.4.0
├─ node-releases@2.0.13
├─ node-stream-zip@1.15.0
├─ normalize-path@3.0.0
├─ npm-package-arg@7.0.0
│  ├─ hosted-git-info@^3.0.2
│  ├─ osenv@^0.1.5
│  ├─ semver@^5.6.0
│  ├─ semver@5.7.2
│  └─ validate-npm-package-name@^3.0.0
├─ npm-run-path@2.0.2
│  └─ path-key@^2.0.0
├─ nullthrows@1.1.1
├─ ob1@0.73.10
├─ object-assign@4.1.1
├─ object-copy@0.1.0
│  ├─ copy-descriptor@^0.1.0
│  ├─ define-property@^0.2.5
│  ├─ kind-of@^3.0.3
│  └─ kind-of@3.2.2
│     └─ is-buffer@^1.1.5
├─ object-inspect@1.12.3
├─ object-visit@1.0.1
│  └─ isobject@^3.0.0
├─ object.pick@1.3.0
│  └─ isobject@^3.0.1
├─ on-finished@2.4.1
│  └─ ee-first@1.1.1
├─ on-headers@1.0.2
├─ once@1.4.0
│  └─ wrappy@1
├─ onetime@5.1.2
│  └─ mimic-fn@^2.1.0
├─ open@8.4.2
│  ├─ define-lazy-prop@^2.0.0
│  ├─ is-docker@^2.1.1
│  └─ is-wsl@^2.2.0
├─ ora@5.4.1
│  ├─ bl@^4.1.0
│  ├─ chalk@^4.1.0
│  ├─ cli-cursor@^3.1.0
│  ├─ cli-spinners@^2.5.0
│  ├─ is-interactive@^1.0.0
│  ├─ is-unicode-supported@^0.1.0
│  ├─ log-symbols@^4.1.0
│  ├─ strip-ansi@^6.0.0
│  └─ wcwidth@^1.0.1
├─ os-homedir@1.0.2
├─ os-tmpdir@1.0.2
├─ osenv@0.1.5
│  ├─ os-homedir@^1.0.0
│  └─ os-tmpdir@^1.0.0
├─ p-finally@1.0.0
├─ p-limit@2.3.0
│  └─ p-try@^2.0.0
├─ p-locate@5.0.0
│  ├─ p-limit@^3.0.2
│  └─ p-limit@3.1.0
│     └─ yocto-queue@^0.1.0
├─ p-map@4.0.0
│  └─ aggregate-error@^3.0.0
├─ p-try@2.2.0
├─ parse-json@4.0.0
│  ├─ error-ex@^1.3.1
│  └─ json-parse-better-errors@^1.0.1
├─ parse-png@2.1.0
│  ├─ pngjs@^3.3.0
│  └─ pngjs@3.4.0
├─ parseurl@1.3.3
├─ pascalcase@0.1.1
├─ password-prompt@1.1.3
│  ├─ ansi-escapes@^4.3.2
│  ├─ cross-spawn@^7.0.3
│  ├─ cross-spawn@7.0.3
│  │  ├─ path-key@^3.1.0
│  │  ├─ shebang-command@^2.0.0
│  │  └─ which@^2.0.1
│  ├─ path-key@3.1.1
│  ├─ shebang-command@2.0.0
│  │  └─ shebang-regex@^3.0.0
│  ├─ shebang-regex@3.0.0
│  └─ which@2.0.2
│     └─ isexe@^2.0.0
├─ path-browserify@1.0.1
├─ path-exists@3.0.0
├─ path-is-absolute@1.0.1
├─ path-key@2.0.1
├─ path-parse@1.0.7
├─ path-type@4.0.0
├─ picocolors@1.0.0
├─ picomatch@2.3.1
├─ pify@4.0.1
├─ pirates@4.0.6
├─ pkg-dir@4.2.0
│  ├─ find-up@^4.0.0
│  ├─ find-up@4.1.0
│  │  ├─ locate-path@^5.0.0
│  │  └─ path-exists@^4.0.0
│  ├─ locate-path@5.0.0
│  │  └─ p-locate@^4.1.0
│  ├─ p-locate@4.1.0
│  │  └─ p-limit@^2.2.0
│  └─ path-exists@4.0.0
├─ pkg-up@3.1.0
│  ├─ find-up@^3.0.0
│  ├─ find-up@3.0.0
│  │  └─ locate-path@^3.0.0
│  ├─ locate-path@3.0.0
│  │  ├─ p-locate@^3.0.0
│  │  └─ path-exists@^3.0.0
│  └─ p-locate@3.0.0
│     └─ p-limit@^2.0.0
├─ plist@3.1.0
│  ├─ @xmldom/xmldom@^0.8.8
│  ├─ @xmldom/xmldom@0.8.10
│  ├─ base64-js@^1.5.1
│  ├─ xmlbuilder@^15.1.1
│  └─ xmlbuilder@15.1.1
├─ pngjs@5.0.0
├─ posix-character-classes@0.1.1
├─ pretty-bytes@5.6.0
├─ pretty-format@26.6.2
│  ├─ @jest/types@^26.6.2
│  ├─ @jest/types@26.6.2
│  │  ├─ @types/istanbul-lib-coverage@^2.0.0
│  │  ├─ @types/istanbul-reports@^3.0.0
│  │  ├─ @types/node@*
│  │  ├─ @types/yargs@^15.0.0
│  │  └─ chalk@^4.0.0
│  ├─ @types/yargs@15.0.15
│  │  └─ @types/yargs-parser@*
│  ├─ ansi-regex@^5.0.0
│  ├─ ansi-styles@^4.0.0
│  ├─ react-is@^17.0.1
│  └─ react-is@17.0.2
├─ process-nextick-args@2.0.1
├─ progress@2.0.3
├─ promise-inflight@1.0.1
├─ promise@8.3.0
│  └─ asap@~2.0.6
├─ prompts@2.4.2
│  ├─ kleur@^3.0.3
│  └─ sisteransi@^1.0.5
├─ prop-types@15.8.1
│  ├─ loose-envify@^1.4.0
│  ├─ object-assign@^4.1.1
│  ├─ react-is@^16.13.1
│  └─ react-is@16.13.1
├─ pump@3.0.0
│  ├─ end-of-stream@^1.1.0
│  └─ once@^1.3.1
├─ punycode@2.3.0
├─ qrcode-terminal@0.11.0
├─ qs@6.11.0
│  └─ side-channel@^1.0.4
├─ querystringify@2.2.0
├─ queue-microtask@1.2.3
├─ range-parser@1.2.1
├─ raw-body@2.5.2
│  ├─ bytes@3.1.2
│  ├─ http-errors@2.0.0
│  ├─ iconv-lite@0.4.24
│  └─ unpipe@1.0.0
├─ rc@1.2.8
│  ├─ deep-extend@^0.6.0
│  ├─ ini@~1.3.0
│  ├─ minimist@^1.2.0
│  └─ strip-json-comments@~2.0.1
├─ react-devtools-core@4.28.0
│  ├─ shell-quote@^1.6.1
│  └─ ws@^7
├─ react-is@18.2.0
├─ react-native-codegen@0.71.5
│  ├─ @babel/parser@^7.14.0
│  ├─ flow-parser@^0.185.0
│  ├─ jscodeshift@^0.13.1
│  └─ nullthrows@^1.1.1
├─ react-native-gradle-plugin@0.71.19
├─ react-native@0.71.8
│  ├─ @jest/create-cache-key-function@^29.2.1
│  ├─ @react-native-community/cli-platform-android@10.2.0
│  ├─ @react-native-community/cli-platform-ios@10.2.1
│  ├─ @react-native-community/cli@10.2.2
│  ├─ @react-native/assets@1.0.0
│  ├─ @react-native/normalize-color@2.1.0
│  ├─ @react-native/polyfills@2.0.0
│  ├─ abort-controller@^3.0.0
│  ├─ anser@^1.4.9
│  ├─ base64-js@^1.1.2
│  ├─ deprecated-react-native-prop-types@^3.0.1
│  ├─ event-target-shim@^5.0.1
│  ├─ invariant@^2.2.4
│  ├─ jest-environment-node@^29.2.1
│  ├─ jsc-android@^250231.0.0
│  ├─ memoize-one@^5.0.0
│  ├─ metro-react-native-babel-transformer@0.73.9
│  ├─ metro-runtime@0.73.9
│  ├─ metro-runtime@0.73.9
│  │  ├─ @babel/runtime@^7.0.0
│  │  └─ react-refresh@^0.4.0
│  ├─ metro-source-map@0.73.9
│  ├─ metro-source-map@0.73.9
│  │  ├─ @babel/traverse@^7.20.0
│  │  ├─ @babel/types@^7.20.0
│  │  ├─ invariant@^2.2.4
│  │  ├─ metro-symbolicate@0.73.9
│  │  ├─ nullthrows@^1.1.1
│  │  ├─ ob1@0.73.9
│  │  ├─ source-map@^0.5.6
│  │  └─ vlq@^1.0.0
│  ├─ metro-symbolicate@0.73.9
│  │  ├─ invariant@^2.2.4
│  │  ├─ metro-source-map@0.73.9
│  │  ├─ nullthrows@^1.1.1
│  │  ├─ source-map@^0.5.6
│  │  ├─ through2@^2.0.1
│  │  └─ vlq@^1.0.0
│  ├─ mkdirp@^0.5.1
│  ├─ nullthrows@^1.1.1
│  ├─ ob1@0.73.9
│  ├─ pretty-format@^26.5.2
│  ├─ promise@^8.3.0
│  ├─ react-devtools-core@^4.26.1
│  ├─ react-native-codegen@^0.71.5
│  ├─ react-native-gradle-plugin@^0.71.18
│  ├─ react-refresh@^0.4.0
│  ├─ react-shallow-renderer@^16.15.0
│  ├─ regenerator-runtime@^0.13.2
│  ├─ scheduler@^0.23.0
│  ├─ stacktrace-parser@^0.1.3
│  ├─ use-sync-external-store@^1.0.0
│  ├─ whatwg-fetch@^3.0.0
│  ├─ ws@^6.2.2
│  └─ ws@6.2.2
│     └─ async-limiter@~1.0.0
├─ react-refresh@0.4.3
├─ react-shallow-renderer@16.15.0
│  ├─ object-assign@^4.1.1
│  └─ react-is@^16.12.0 || ^17.0.0 || ^18.0.0
├─ react@18.2.0
│  └─ loose-envify@^1.1.0
├─ readable-stream@3.6.2
│  ├─ inherits@^2.0.3
│  ├─ string_decoder@^1.1.1
│  └─ util-deprecate@^1.0.1
├─ readline@1.3.0
├─ recast@0.20.5
│  ├─ ast-types@0.14.2
│  ├─ esprima@~4.0.0
│  ├─ source-map@~0.6.1
│  ├─ source-map@0.6.1
│  └─ tslib@^2.0.1
├─ regenerate-unicode-properties@10.1.0
│  └─ regenerate@^1.4.2
├─ regenerate@1.4.2
├─ regenerator-runtime@0.13.11
├─ regenerator-transform@0.15.2
│  └─ @babel/runtime@^7.8.4
├─ regex-not@1.0.2
│  ├─ extend-shallow@^3.0.2
│  ├─ extend-shallow@3.0.2
│  │  ├─ assign-symbols@^1.0.0
│  │  └─ is-extendable@^1.0.1
│  ├─ is-extendable@1.0.1
│  │  └─ is-plain-object@^2.0.4
│  └─ safe-regex@^1.1.0
├─ regexpu-core@5.3.2
│  ├─ @babel/regjsgen@^0.8.0
│  ├─ regenerate-unicode-properties@^10.1.0
│  ├─ regenerate@^1.4.2
│  ├─ regjsparser@^0.9.1
│  ├─ unicode-match-property-ecmascript@^2.0.0
│  └─ unicode-match-property-value-ecmascript@^2.1.0
├─ regjsparser@0.9.1
│  ├─ jsesc@~0.5.0
│  └─ jsesc@0.5.0
├─ remove-trailing-slash@0.1.1
├─ repeat-element@1.1.4
├─ repeat-string@1.6.1
├─ require-directory@2.1.1
├─ require-from-string@2.0.2
├─ require-main-filename@2.0.0
├─ requireg@0.2.2
│  ├─ nested-error-stacks@~2.0.1
│  ├─ rc@~1.2.7
│  ├─ resolve@~1.7.1
│  └─ resolve@1.7.1
│     └─ path-parse@^1.0.5
├─ requires-port@1.0.0
├─ reselect@4.1.8
├─ resolve-from@5.0.0
├─ resolve-url@0.2.1
├─ resolve@1.22.4
│  ├─ is-core-module@^2.13.0
│  ├─ path-parse@^1.0.7
│  └─ supports-preserve-symlinks-flag@^1.0.0
├─ restore-cursor@3.1.0
│  ├─ onetime@^5.1.0
│  └─ signal-exit@^3.0.2
├─ ret@0.1.15
├─ reusify@1.0.4
├─ rimraf@3.0.2
│  └─ glob@^7.1.3
├─ run-parallel@1.2.0
│  └─ queue-microtask@^1.2.2
├─ safe-buffer@5.1.2
├─ safe-json-stringify@1.2.0
├─ safe-regex@1.1.0
│  └─ ret@~0.1.10
├─ safer-buffer@2.1.2
├─ sax@1.2.4
├─ scheduler@0.23.0
│  └─ loose-envify@^1.1.0
├─ schema-utils@2.7.1
│  ├─ @types/json-schema@^7.0.5
│  ├─ ajv-keywords@^3.5.2
│  └─ ajv@^6.12.4
├─ semver@6.3.1
├─ send@0.18.0
│  ├─ debug@2.6.9
│  ├─ depd@2.0.0
│  ├─ destroy@1.2.0
│  ├─ encodeurl@~1.0.2
│  ├─ escape-html@~1.0.3
│  ├─ etag@~1.8.1
│  ├─ fresh@0.5.2
│  ├─ http-errors@2.0.0
│  ├─ mime@1.6.0
│  ├─ mime@1.6.0
│  ├─ ms@2.1.3
│  ├─ on-finished@2.4.1
│  ├─ range-parser@~1.2.1
│  └─ statuses@2.0.1
├─ serialize-error@6.0.0
│  ├─ type-fest@^0.12.0
│  └─ type-fest@0.12.0
├─ serve-static@1.15.0
│  ├─ encodeurl@~1.0.2
│  ├─ escape-html@~1.0.3
│  ├─ parseurl@~1.3.3
│  └─ send@0.18.0
├─ set-blocking@2.0.0
├─ set-value@2.0.1
│  ├─ extend-shallow@^2.0.1
│  ├─ is-extendable@^0.1.1
│  ├─ is-plain-object@^2.0.3
│  └─ split-string@^3.0.1
├─ setimmediate@1.0.5
├─ setprototypeof@1.2.0
├─ shallow-clone@3.0.1
│  └─ kind-of@^6.0.2
├─ shebang-command@1.2.0
│  └─ shebang-regex@^1.0.0
├─ shebang-regex@1.0.0
├─ shell-quote@1.8.1
├─ side-channel@1.0.4
│  ├─ call-bind@^1.0.0
│  ├─ get-intrinsic@^1.0.2
│  └─ object-inspect@^1.9.0
├─ signal-exit@3.0.7
├─ simple-plist@1.3.1
│  ├─ bplist-creator@0.1.0
│  ├─ bplist-parser@0.3.1
│  ├─ bplist-parser@0.3.1
│  │  └─ big-integer@1.6.x
│  └─ plist@^3.0.5
├─ simple-swizzle@0.2.2
│  └─ is-arrayish@^0.3.1
├─ sisteransi@1.0.5
├─ slash@3.0.0
├─ slice-ansi@2.1.0
│  ├─ ansi-styles@^3.2.0
│  ├─ ansi-styles@3.2.1
│  │  └─ color-convert@^1.9.0
│  ├─ astral-regex@^1.0.0
│  ├─ color-convert@1.9.3
│  │  └─ color-name@1.1.3
│  ├─ color-name@1.1.3
│  ├─ is-fullwidth-code-point@^2.0.0
│  └─ is-fullwidth-code-point@2.0.0
├─ slugify@1.6.6
├─ snapdragon-node@2.1.1
│  ├─ define-property@^1.0.0
│  ├─ define-property@1.0.0
│  │  └─ is-descriptor@^1.0.0
│  ├─ isobject@^3.0.0
│  └─ snapdragon-util@^3.0.1
├─ snapdragon-util@3.0.1
│  ├─ kind-of@^3.2.0
│  └─ kind-of@3.2.2
│     └─ is-buffer@^1.1.5
├─ snapdragon@0.8.2
│  ├─ base@^0.11.1
│  ├─ debug@^2.2.0
│  ├─ define-property@^0.2.5
│  ├─ extend-shallow@^2.0.1
│  ├─ map-cache@^0.2.2
│  ├─ source-map-resolve@^0.5.0
│  ├─ source-map@^0.5.6
│  └─ use@^3.1.0
├─ source-map-resolve@0.5.3
│  ├─ atob@^2.1.2
│  ├─ decode-uri-component@^0.2.0
│  ├─ resolve-url@^0.2.1
│  ├─ source-map-url@^0.4.0
│  └─ urix@^0.1.0
├─ source-map-support@0.5.21
│  ├─ buffer-from@^1.0.0
│  ├─ source-map@^0.6.0
│  └─ source-map@0.6.1
├─ source-map-url@0.4.1
├─ source-map@0.5.7
├─ split-string@3.1.0
│  ├─ extend-shallow@^3.0.0
│  ├─ extend-shallow@3.0.2
│  │  ├─ assign-symbols@^1.0.0
│  │  └─ is-extendable@^1.0.1
│  └─ is-extendable@1.0.1
│     └─ is-plain-object@^2.0.4
├─ split@1.0.1
│  └─ through@2
├─ sprintf-js@1.0.3
├─ ssri@8.0.1
│  └─ minipass@^3.1.1
├─ stack-utils@2.0.6
│  ├─ escape-string-regexp@^2.0.0
│  └─ escape-string-regexp@2.0.0
├─ stackframe@1.3.4
├─ stacktrace-parser@0.1.10
│  └─ type-fest@^0.7.1
├─ static-extend@0.1.2
│  ├─ define-property@^0.2.5
│  └─ object-copy@^0.1.0
├─ statuses@2.0.1
├─ stream-buffers@2.2.0
├─ string_decoder@1.3.0
│  ├─ safe-buffer@~5.2.0
│  └─ safe-buffer@5.2.1
├─ string-width@4.2.3
│  ├─ emoji-regex@^8.0.0
│  ├─ is-fullwidth-code-point@^3.0.0
│  └─ strip-ansi@^6.0.1
├─ strip-ansi@6.0.1
│  └─ ansi-regex@^5.0.1
├─ strip-eof@1.0.0
├─ strip-json-comments@2.0.1
├─ strnum@1.0.5
├─ structured-headers@0.4.1
├─ sucrase@3.34.0
│  ├─ @jridgewell/gen-mapping@^0.3.2
│  ├─ commander@^4.0.0
│  ├─ commander@4.1.1
│  ├─ glob@7.1.6
│  ├─ glob@7.1.6
│  │  ├─ fs.realpath@^1.0.0
│  │  ├─ inflight@^1.0.4
│  │  ├─ inherits@2
│  │  ├─ minimatch@^3.0.4
│  │  ├─ once@^1.3.0
│  │  └─ path-is-absolute@^1.0.0
│  ├─ lines-and-columns@^1.1.6
│  ├─ mz@^2.7.0
│  ├─ pirates@^4.0.1
│  └─ ts-interface-checker@^0.1.9
├─ sudo-prompt@9.1.1
├─ supports-color@7.2.0
│  └─ has-flag@^4.0.0
├─ supports-hyperlinks@2.3.0
│  ├─ has-flag@^4.0.0
│  └─ supports-color@^7.0.0
├─ supports-preserve-symlinks-flag@1.0.0
├─ tar@6.1.15
│  ├─ chownr@^2.0.0
│  ├─ fs-minipass@^2.0.0
│  ├─ minipass@^5.0.0
│  ├─ minipass@5.0.0
│  ├─ minizlib@^2.1.1
│  ├─ mkdirp@^1.0.3
│  ├─ mkdirp@1.0.4
│  └─ yallist@^4.0.0
├─ temp-dir@2.0.0
├─ temp@0.8.4
│  ├─ rimraf@~2.6.2
│  └─ rimraf@2.6.3
│     └─ glob@^7.1.3
├─ tempy@0.7.1
│  ├─ del@^6.0.0
│  ├─ is-stream@^2.0.0
│  ├─ is-stream@2.0.1
│  ├─ temp-dir@^2.0.0
│  ├─ type-fest@^0.16.0
│  ├─ type-fest@0.16.0
│  └─ unique-string@^2.0.0
├─ terminal-link@2.1.1
│  ├─ ansi-escapes@^4.2.1
│  └─ supports-hyperlinks@^2.0.0
├─ terser@5.19.2
│  ├─ @jridgewell/source-map@^0.3.3
│  ├─ acorn@^8.8.2
│  ├─ commander@^2.20.0
│  ├─ commander@2.20.3
│  └─ source-map-support@~0.5.20
├─ text-table@0.2.0
├─ thenify-all@1.6.0
│  └─ thenify@>= 3.1.0 < 4
├─ thenify@3.3.1
│  └─ any-promise@^1.0.0
├─ throat@5.0.0
├─ through@2.3.8
├─ through2@2.0.5
│  ├─ readable-stream@~2.3.6
│  ├─ readable-stream@2.3.8
│  │  ├─ core-util-is@~1.0.0
│  │  ├─ inherits@~2.0.3
│  │  ├─ isarray@~1.0.0
│  │  ├─ process-nextick-args@~2.0.0
│  │  ├─ safe-buffer@~5.1.1
│  │  ├─ string_decoder@~1.1.1
│  │  └─ util-deprecate@~1.0.1
│  ├─ string_decoder@1.1.1
│  │  └─ safe-buffer@~5.1.0
│  └─ xtend@~4.0.1
├─ tmp@0.0.33
│  └─ os-tmpdir@~1.0.2
├─ tmpl@1.0.5
├─ to-fast-properties@2.0.0
├─ to-object-path@0.3.0
│  ├─ kind-of@^3.0.2
│  └─ kind-of@3.2.2
│     └─ is-buffer@^1.1.5
├─ to-regex-range@5.0.1
│  ├─ is-number@^7.0.0
│  └─ is-number@7.0.0
├─ to-regex@3.0.2
│  ├─ define-property@^2.0.2
│  ├─ define-property@2.0.2
│  │  ├─ is-descriptor@^1.0.2
│  │  └─ isobject@^3.0.1
│  ├─ extend-shallow@^3.0.2
│  ├─ extend-shallow@3.0.2
│  │  ├─ assign-symbols@^1.0.0
│  │  └─ is-extendable@^1.0.1
│  ├─ is-extendable@1.0.1
│  │  └─ is-plain-object@^2.0.4
│  ├─ regex-not@^1.0.2
│  └─ safe-regex@^1.1.0
├─ toidentifier@1.0.1
├─ tr46@0.0.3
├─ traverse@0.6.7
├─ ts-interface-checker@0.1.13
├─ tslib@2.6.2
├─ type-detect@4.0.8
├─ type-fest@0.7.1
├─ type-is@1.6.18
│  ├─ media-typer@0.3.0
│  └─ mime-types@~2.1.24
├─ ua-parser-js@1.0.35
├─ uglify-es@3.3.9
│  ├─ commander@~2.13.0
│  ├─ commander@2.13.0
│  ├─ source-map@~0.6.1
│  └─ source-map@0.6.1
├─ unicode-canonical-property-names-ecmascript@2.0.0
├─ unicode-match-property-ecmascript@2.0.0
│  ├─ unicode-canonical-property-names-ecmascript@^2.0.0
│  └─ unicode-property-aliases-ecmascript@^2.0.0
├─ unicode-match-property-value-ecmascript@2.1.0
├─ unicode-property-aliases-ecmascript@2.1.0
├─ union-value@1.0.1
│  ├─ arr-union@^3.1.0
│  ├─ get-value@^2.0.6
│  ├─ is-extendable@^0.1.1
│  └─ set-value@^2.0.1
├─ unique-filename@1.1.1
│  └─ unique-slug@^2.0.0
├─ unique-slug@2.0.2
│  └─ imurmurhash@^0.1.4
├─ unique-string@2.0.0
│  └─ crypto-random-string@^2.0.0
├─ universalify@2.0.0
├─ unpipe@1.0.0
├─ unset-value@1.0.0
│  ├─ has-value@^0.3.1
│  ├─ has-value@0.3.1
│  │  ├─ get-value@^2.0.3
│  │  ├─ has-values@^0.1.4
│  │  ├─ isobject@^2.0.0
│  │  └─ isobject@2.1.0
│  │     └─ isarray@1.0.0
│  ├─ has-values@0.1.4
│  └─ isobject@^3.0.0
├─ update-browserslist-db@1.0.11
│  ├─ escalade@^3.1.1
│  └─ picocolors@^1.0.0
├─ uri-js@4.4.1
│  └─ punycode@^2.1.0
├─ urix@0.1.0
├─ url-join@4.0.0
├─ url-parse@1.5.10
│  ├─ querystringify@^2.1.1
│  └─ requires-port@^1.0.0
├─ use-sync-external-store@1.2.0
├─ use@3.1.1
├─ util-deprecate@1.0.2
├─ utils-merge@1.0.1
├─ uuid@3.4.0
├─ valid-url@1.0.9
├─ validate-npm-package-name@3.0.0
│  └─ builtins@^1.0.3
├─ vary@1.1.2
├─ vlq@1.0.1
├─ walker@1.0.8
│  └─ makeerror@1.0.12
├─ wcwidth@1.0.1
│  └─ defaults@^1.0.3
├─ webidl-conversions@3.0.1
├─ whatwg-fetch@3.6.17
├─ whatwg-url@5.0.0
│  ├─ tr46@~0.0.3
│  └─ webidl-conversions@^3.0.0
├─ which-module@2.0.1
├─ which@1.3.1
│  └─ isexe@^2.0.0
├─ wonka@4.0.15
├─ wrap-ansi@7.0.0
│  ├─ ansi-styles@^4.0.0
│  ├─ string-width@^4.1.0
│  └─ strip-ansi@^6.0.0
├─ wrappy@1.0.2
├─ write-file-atomic@2.4.3
│  ├─ graceful-fs@^4.1.11
│  ├─ imurmurhash@^0.1.4
│  └─ signal-exit@^3.0.2
├─ ws@7.5.9
├─ xcode@3.0.1
│  ├─ simple-plist@^1.1.0
│  ├─ uuid@^7.0.3
│  └─ uuid@7.0.3
├─ xml-js@1.6.11
│  └─ sax@^1.2.4
├─ xml2js@0.4.23
│  ├─ sax@>=0.6.0
│  ├─ xmlbuilder@~11.0.0
│  └─ xmlbuilder@11.0.1
├─ xmlbuilder@14.0.0
├─ xtend@4.0.2
├─ y18n@5.0.8
├─ yallist@4.0.0
├─ yargs-parser@21.1.1
├─ yargs@17.7.2
│  ├─ cliui@^8.0.1
│  ├─ escalade@^3.1.1
│  ├─ get-caller-file@^2.0.5
│  ├─ require-directory@^2.1.1
│  ├─ string-width@^4.2.3
│  ├─ y18n@^5.0.5
│  └─ yargs-parser@^21.1.1
└─ yocto-queue@0.1.0
Done in 0.25s.
